2023-06-15 00:16:16,611 INFO notifyConnectTimeout:100

2023-06-15 00:16:16,618 INFO notifySocketTimeout:200

2023-06-15 00:16:16,619 INFO isHealthCheck:true

2023-06-15 00:16:16,619 INFO maxHealthCheckFailCount:12

2023-06-15 00:16:16,619 INFO maxContent:10485760

2023-06-15 00:16:20,638 WARN DumpService start

2023-06-15 00:16:20,639 INFO start clear all config-info.

2023-06-15 00:16:20,640 WARN clear all config-info failed.

2023-06-15 00:16:20,640 WARN clear all config-info-tenant failed.

2023-06-15 00:16:20,646 INFO start clear all config-info-beta.

2023-06-15 00:16:20,646 WARN clear all config-info-beta failed.

2023-06-15 00:16:20,646 WARN clear all config-info-beta-tenant failed.

2023-06-15 00:16:20,649 INFO start clear all config-info-tag.

2023-06-15 00:16:20,649 WARN clear all config-info-tag failed.

2023-06-15 00:16:20,649 WARN clear all config-info-tag-tenant failed.

2023-06-15 00:18:15,186 INFO notifyConnectTimeout:100

2023-06-15 00:18:15,189 INFO notifySocketTimeout:200

2023-06-15 00:18:15,190 INFO isHealthCheck:true

2023-06-15 00:18:15,190 INFO maxHealthCheckFailCount:12

2023-06-15 00:18:15,190 INFO maxContent:10485760

2023-06-15 00:18:19,105 WARN DumpService start

2023-06-15 00:18:19,107 INFO start clear all config-info.

2023-06-15 00:18:19,108 WARN clear all config-info failed.

2023-06-15 00:18:19,108 WARN clear all config-info-tenant failed.

2023-06-15 00:18:19,121 INFO start clear all config-info-beta.

2023-06-15 00:18:19,121 WARN clear all config-info-beta failed.

2023-06-15 00:18:19,121 WARN clear all config-info-beta-tenant failed.

2023-06-15 00:18:19,123 INFO start clear all config-info-tag.

2023-06-15 00:18:19,123 WARN clear all config-info-tag failed.

2023-06-15 00:18:19,123 WARN clear all config-info-tag-tenant failed.

2023-06-15 00:30:32,313 INFO notifyConnectTimeout:100

2023-06-15 00:30:32,315 INFO notifySocketTimeout:200

2023-06-15 00:30:32,316 INFO isHealthCheck:true

2023-06-15 00:30:32,316 INFO maxHealthCheckFailCount:12

2023-06-15 00:30:32,316 INFO maxContent:10485760

2023-06-15 00:30:38,456 WARN DumpService start

2023-06-15 00:30:38,457 INFO start clear all config-info.

2023-06-15 00:30:38,458 WARN clear all config-info failed.

2023-06-15 00:30:38,458 WARN clear all config-info-tenant failed.

2023-06-15 00:30:38,470 INFO start clear all config-info-beta.

2023-06-15 00:30:38,471 WARN clear all config-info-beta failed.

2023-06-15 00:30:38,471 WARN clear all config-info-beta-tenant failed.

2023-06-15 00:30:38,476 INFO start clear all config-info-tag.

2023-06-15 00:30:38,476 WARN clear all config-info-tag failed.

2023-06-15 00:30:38,476 WARN clear all config-info-tag-tenant failed.

2023-06-15 00:37:51,718 INFO notifyConnectTimeout:100

2023-06-15 00:37:51,726 INFO notifySocketTimeout:200

2023-06-15 00:37:51,727 INFO isHealthCheck:true

2023-06-15 00:37:51,727 INFO maxHealthCheckFailCount:12

2023-06-15 00:37:51,727 INFO maxContent:10485760

2023-06-15 00:38:02,297 WARN DumpService start

2023-06-15 00:38:02,298 INFO start clear all config-info.

2023-06-15 00:38:02,299 WARN clear all config-info failed.

2023-06-15 00:38:02,299 WARN clear all config-info-tenant failed.

2023-06-15 00:38:02,308 INFO start clear all config-info-beta.

2023-06-15 00:38:02,308 WARN clear all config-info-beta failed.

2023-06-15 00:38:02,308 WARN clear all config-info-beta-tenant failed.

2023-06-15 00:38:02,310 INFO start clear all config-info-tag.

2023-06-15 00:38:02,310 WARN clear all config-info-tag failed.

2023-06-15 00:38:02,310 WARN clear all config-info-tag-tenant failed.

2023-06-15 00:39:09,800 INFO notifyConnectTimeout:100

2023-06-15 00:39:09,806 INFO notifySocketTimeout:200

2023-06-15 00:39:09,806 INFO isHealthCheck:true

2023-06-15 00:39:09,806 INFO maxHealthCheckFailCount:12

2023-06-15 00:39:09,806 INFO maxContent:10485760

2023-06-15 00:39:16,508 WARN DumpService start

2023-06-15 00:39:16,510 INFO start clear all config-info.

2023-06-15 00:39:16,510 WARN clear all config-info failed.

2023-06-15 00:39:16,510 WARN clear all config-info-tenant failed.

2023-06-15 00:39:16,534 INFO start clear all config-info-beta.

2023-06-15 00:39:16,535 WARN clear all config-info-beta failed.

2023-06-15 00:39:16,535 WARN clear all config-info-beta-tenant failed.

2023-06-15 00:39:16,537 INFO start clear all config-info-tag.

2023-06-15 00:39:16,537 WARN clear all config-info-tag failed.

2023-06-15 00:39:16,537 WARN clear all config-info-tag-tenant failed.

2023-06-15 00:41:53,475 INFO notifyConnectTimeout:100

2023-06-15 00:41:53,478 INFO notifySocketTimeout:200

2023-06-15 00:41:53,479 INFO isHealthCheck:true

2023-06-15 00:41:53,479 INFO maxHealthCheckFailCount:12

2023-06-15 00:41:53,479 INFO maxContent:10485760

2023-06-15 00:42:00,529 WARN DumpService start

2023-06-15 00:42:00,530 INFO start clear all config-info.

2023-06-15 00:42:00,530 WARN clear all config-info failed.

2023-06-15 00:42:00,531 WARN clear all config-info-tenant failed.

2023-06-15 00:42:00,550 INFO start clear all config-info-beta.

2023-06-15 00:42:00,550 WARN clear all config-info-beta failed.

2023-06-15 00:42:00,550 WARN clear all config-info-beta-tenant failed.

2023-06-15 00:42:00,552 INFO start clear all config-info-tag.

2023-06-15 00:42:00,552 WARN clear all config-info-tag failed.

2023-06-15 00:42:00,552 WARN clear all config-info-tag-tenant failed.

2023-06-15 00:48:55,163 INFO notifyConnectTimeout:100

2023-06-15 00:48:55,166 INFO notifySocketTimeout:200

2023-06-15 00:48:55,166 INFO isHealthCheck:true

2023-06-15 00:48:55,166 INFO maxHealthCheckFailCount:12

2023-06-15 00:48:55,166 INFO maxContent:10485760

2023-06-15 00:49:01,827 WARN DumpService start

2023-06-15 00:49:01,828 INFO start clear all config-info.

2023-06-15 00:49:01,829 WARN clear all config-info failed.

2023-06-15 00:49:01,829 WARN clear all config-info-tenant failed.

2023-06-15 00:49:01,841 INFO start clear all config-info-beta.

2023-06-15 00:49:01,841 WARN clear all config-info-beta failed.

2023-06-15 00:49:01,841 WARN clear all config-info-beta-tenant failed.

2023-06-15 00:49:01,849 INFO start clear all config-info-tag.

2023-06-15 00:49:01,849 WARN clear all config-info-tag failed.

2023-06-15 00:49:01,849 WARN clear all config-info-tag-tenant failed.

2023-06-15 00:49:42,597 INFO notifyConnectTimeout:100

2023-06-15 00:49:42,610 INFO notifySocketTimeout:200

2023-06-15 00:49:42,610 INFO isHealthCheck:true

2023-06-15 00:49:42,610 INFO maxHealthCheckFailCount:12

2023-06-15 00:49:42,610 INFO maxContent:10485760

2023-06-15 00:49:49,399 WARN DumpService start

2023-06-15 00:49:49,400 INFO start clear all config-info.

2023-06-15 00:49:49,401 WARN clear all config-info failed.

2023-06-15 00:49:49,401 WARN clear all config-info-tenant failed.

2023-06-15 00:49:49,413 INFO start clear all config-info-beta.

2023-06-15 00:49:49,413 WARN clear all config-info-beta failed.

2023-06-15 00:49:49,413 WARN clear all config-info-beta-tenant failed.

2023-06-15 00:49:49,417 INFO start clear all config-info-tag.

2023-06-15 00:49:49,417 WARN clear all config-info-tag failed.

2023-06-15 00:49:49,417 WARN clear all config-info-tag-tenant failed.

2023-06-15 00:51:17,386 INFO notifyConnectTimeout:100

2023-06-15 00:51:17,389 INFO notifySocketTimeout:200

2023-06-15 00:51:17,390 INFO isHealthCheck:true

2023-06-15 00:51:17,390 INFO maxHealthCheckFailCount:12

2023-06-15 00:51:17,390 INFO maxContent:10485760

2023-06-15 00:51:24,269 WARN DumpService start

2023-06-15 00:51:24,270 INFO start clear all config-info.

2023-06-15 00:51:24,270 WARN clear all config-info failed.

2023-06-15 00:51:24,271 WARN clear all config-info-tenant failed.

2023-06-15 00:51:24,283 INFO start clear all config-info-beta.

2023-06-15 00:51:24,284 WARN clear all config-info-beta failed.

2023-06-15 00:51:24,284 WARN clear all config-info-beta-tenant failed.

2023-06-15 00:51:24,286 INFO start clear all config-info-tag.

2023-06-15 00:51:24,287 WARN clear all config-info-tag failed.

2023-06-15 00:51:24,287 WARN clear all config-info-tag-tenant failed.

2023-06-15 00:56:32,067 INFO notifyConnectTimeout:100

2023-06-15 00:56:32,070 INFO notifySocketTimeout:200

2023-06-15 00:56:32,071 INFO isHealthCheck:true

2023-06-15 00:56:32,071 INFO maxHealthCheckFailCount:12

2023-06-15 00:56:32,071 INFO maxContent:10485760

2023-06-15 00:56:38,126 WARN DumpService start

2023-06-15 00:56:38,127 INFO start clear all config-info.

2023-06-15 00:56:38,128 WARN clear all config-info failed.

2023-06-15 00:56:38,128 WARN clear all config-info-tenant failed.

2023-06-15 00:56:38,133 INFO start clear all config-info-beta.

2023-06-15 00:56:38,134 WARN clear all config-info-beta failed.

2023-06-15 00:56:38,134 WARN clear all config-info-beta-tenant failed.

2023-06-15 00:56:38,141 INFO start clear all config-info-tag.

2023-06-15 00:56:38,141 WARN clear all config-info-tag failed.

2023-06-15 00:56:38,141 WARN clear all config-info-tag-tenant failed.

2023-06-15 01:03:45,455 INFO notifyConnectTimeout:100

2023-06-15 01:03:45,458 INFO notifySocketTimeout:200

2023-06-15 01:03:45,458 INFO isHealthCheck:true

2023-06-15 01:03:45,458 INFO maxHealthCheckFailCount:12

2023-06-15 01:03:45,458 INFO maxContent:10485760

2023-06-15 01:03:51,986 WARN DumpService start

2023-06-15 01:03:51,987 INFO start clear all config-info.

2023-06-15 01:03:51,988 WARN clear all config-info failed.

2023-06-15 01:03:51,988 WARN clear all config-info-tenant failed.

2023-06-15 01:03:52,002 INFO start clear all config-info-beta.

2023-06-15 01:03:52,002 WARN clear all config-info-beta failed.

2023-06-15 01:03:52,002 WARN clear all config-info-beta-tenant failed.

2023-06-15 01:03:52,020 INFO start clear all config-info-tag.

2023-06-15 01:03:52,020 WARN clear all config-info-tag failed.

2023-06-15 01:03:52,020 WARN clear all config-info-tag-tenant failed.

2023-06-15 01:05:44,488 INFO notifyConnectTimeout:100

2023-06-15 01:05:44,490 INFO notifySocketTimeout:200

2023-06-15 01:05:44,491 INFO isHealthCheck:true

2023-06-15 01:05:44,502 INFO maxHealthCheckFailCount:12

2023-06-15 01:05:44,503 INFO maxContent:10485760

2023-06-15 01:05:54,055 WARN DumpService start

2023-06-15 01:05:54,064 INFO start clear all config-info.

2023-06-15 01:05:54,065 WARN clear all config-info failed.

2023-06-15 01:05:54,065 WARN clear all config-info-tenant failed.

2023-06-15 01:05:54,079 INFO start clear all config-info-beta.

2023-06-15 01:05:54,079 WARN clear all config-info-beta failed.

2023-06-15 01:05:54,080 WARN clear all config-info-beta-tenant failed.

2023-06-15 01:05:54,088 INFO start clear all config-info-tag.

2023-06-15 01:05:54,100 WARN clear all config-info-tag failed.

2023-06-15 01:05:54,100 WARN clear all config-info-tag-tenant failed.

