2023-06-15 00:16:20,570 INFO [long-pulling] client count 0

2023-06-15 00:16:30,576 INFO [long-pulling] client count 0

2023-06-15 00:16:30,696 INFO toNotifyTaskSize = 0

2023-06-15 00:16:30,698 INFO toClientNotifyTaskSize = 0

2023-06-15 00:16:30,699 INFO groupCount = 0, subscriberClientCount = 0, subscriberCount = 0

2023-06-15 00:18:19,050 INFO [long-pulling] client count 0

2023-06-15 00:18:29,062 INFO [long-pulling] client count 0

2023-06-15 00:18:29,157 INFO toNotifyTaskSize = 0

2023-06-15 00:18:29,158 INFO toClientNotifyTaskSize = 0

2023-06-15 00:18:29,158 INFO groupCount = 0, subscriberClientCount = 0, subscriberCount = 0

2023-06-15 00:18:39,063 INFO [long-pulling] client count 0

2023-06-15 00:18:39,159 INFO toNotifyTaskSize = 0

2023-06-15 00:18:39,159 INFO toClientNotifyTaskSize = 0

2023-06-15 00:18:39,159 INFO groupCount = 0, subscriberClientCount = 0, subscriberCount = 0

2023-06-15 00:18:49,064 INFO [long-pulling] client count 0

2023-06-15 00:18:49,160 INFO toNotifyTaskSize = 0

2023-06-15 00:18:49,160 INFO groupCount = 0, subscriberClientCount = 0, subscriberCount = 0

2023-06-15 00:18:49,160 INFO toClientNotifyTaskSize = 0

2023-06-15 00:30:38,284 INFO [long-pulling] client count 0

2023-06-15 00:30:48,306 INFO [long-pulling] client count 0

2023-06-15 00:30:48,524 INFO toNotifyTaskSize = 0

2023-06-15 00:30:48,524 INFO toClientNotifyTaskSize = 0

2023-06-15 00:30:48,525 INFO groupCount = 0, subscriberClientCount = 0, subscriberCount = 0

2023-06-15 00:30:58,306 INFO [long-pulling] client count 0

2023-06-15 00:30:58,525 INFO toNotifyTaskSize = 0

2023-06-15 00:30:58,525 INFO toClientNotifyTaskSize = 0

2023-06-15 00:30:58,526 INFO groupCount = 0, subscriberClientCount = 0, subscriberCount = 0

2023-06-15 00:31:08,307 INFO [long-pulling] client count 0

2023-06-15 00:31:08,526 INFO toNotifyTaskSize = 0

2023-06-15 00:31:08,527 INFO toClientNotifyTaskSize = 0

2023-06-15 00:31:08,527 INFO groupCount = 0, subscriberClientCount = 0, subscriberCount = 0

2023-06-15 00:31:18,308 INFO [long-pulling] client count 0

2023-06-15 00:31:18,527 INFO toNotifyTaskSize = 0

2023-06-15 00:31:18,527 INFO groupCount = 0, subscriberClientCount = 0, subscriberCount = 0

2023-06-15 00:31:18,528 INFO toClientNotifyTaskSize = 0

2023-06-15 00:31:28,309 INFO [long-pulling] client count 0

2023-06-15 00:31:28,528 INFO groupCount = 0, subscriberClientCount = 0, subscriberCount = 0

2023-06-15 00:31:28,528 INFO toNotifyTaskSize = 0

2023-06-15 00:31:28,528 INFO toClientNotifyTaskSize = 0

2023-06-15 00:31:38,310 INFO [long-pulling] client count 0

2023-06-15 00:31:38,529 INFO groupCount = 0, subscriberClientCount = 0, subscriberCount = 0

2023-06-15 00:31:38,529 INFO toNotifyTaskSize = 0

2023-06-15 00:31:38,530 INFO toClientNotifyTaskSize = 0

2023-06-15 00:31:48,310 INFO [long-pulling] client count 0

2023-06-15 00:31:48,531 INFO groupCount = 0, subscriberClientCount = 0, subscriberCount = 0

2023-06-15 00:31:48,531 INFO toNotifyTaskSize = 0

2023-06-15 00:31:48,531 INFO toClientNotifyTaskSize = 0

2023-06-15 00:31:58,311 INFO [long-pulling] client count 0

2023-06-15 00:31:58,531 INFO groupCount = 0, subscriberClientCount = 0, subscriberCount = 0

2023-06-15 00:31:58,531 INFO toNotifyTaskSize = 0

2023-06-15 00:31:58,531 INFO toClientNotifyTaskSize = 0

2023-06-15 00:32:08,312 INFO [long-pulling] client count 0

2023-06-15 00:32:08,532 INFO groupCount = 0, subscriberClientCount = 0, subscriberCount = 0

2023-06-15 00:32:08,532 INFO toNotifyTaskSize = 0

2023-06-15 00:32:08,532 INFO toClientNotifyTaskSize = 0

2023-06-15 00:32:18,313 INFO [long-pulling] client count 0

2023-06-15 00:32:18,533 INFO groupCount = 0, subscriberClientCount = 0, subscriberCount = 0

2023-06-15 00:32:18,533 INFO toNotifyTaskSize = 0

2023-06-15 00:32:18,533 INFO toClientNotifyTaskSize = 0

2023-06-15 00:32:28,314 INFO [long-pulling] client count 0

2023-06-15 00:32:28,533 INFO groupCount = 0, subscriberClientCount = 0, subscriberCount = 0

2023-06-15 00:32:28,534 INFO toNotifyTaskSize = 0

2023-06-15 00:32:28,534 INFO toClientNotifyTaskSize = 0

2023-06-15 00:32:38,314 INFO [long-pulling] client count 0

2023-06-15 00:32:38,534 INFO groupCount = 0, subscriberClientCount = 0, subscriberCount = 0

2023-06-15 00:32:38,535 INFO toNotifyTaskSize = 0

2023-06-15 00:32:38,535 INFO toClientNotifyTaskSize = 0

2023-06-15 00:32:48,315 INFO [long-pulling] client count 0

2023-06-15 00:32:48,535 INFO groupCount = 0, subscriberClientCount = 0, subscriberCount = 0

2023-06-15 00:32:48,535 INFO toNotifyTaskSize = 0

2023-06-15 00:32:48,535 INFO toClientNotifyTaskSize = 0

2023-06-15 00:32:58,316 INFO [long-pulling] client count 0

2023-06-15 00:32:58,536 INFO groupCount = 0, subscriberClientCount = 0, subscriberCount = 0

2023-06-15 00:32:58,536 INFO toNotifyTaskSize = 0

2023-06-15 00:32:58,537 INFO toClientNotifyTaskSize = 0

2023-06-15 00:33:08,317 INFO [long-pulling] client count 0

2023-06-15 00:33:08,537 INFO groupCount = 0, subscriberClientCount = 0, subscriberCount = 0

2023-06-15 00:33:08,537 INFO toNotifyTaskSize = 0

2023-06-15 00:33:08,538 INFO toClientNotifyTaskSize = 0

2023-06-15 00:33:18,317 INFO [long-pulling] client count 0

2023-06-15 00:33:18,538 INFO toNotifyTaskSize = 0

2023-06-15 00:33:18,538 INFO groupCount = 0, subscriberClientCount = 0, subscriberCount = 0

2023-06-15 00:33:18,539 INFO toClientNotifyTaskSize = 0

2023-06-15 00:33:28,318 INFO [long-pulling] client count 0

2023-06-15 00:33:28,539 INFO groupCount = 0, subscriberClientCount = 0, subscriberCount = 0

2023-06-15 00:33:28,539 INFO toNotifyTaskSize = 0

2023-06-15 00:33:28,539 INFO toClientNotifyTaskSize = 0

2023-06-15 00:33:38,319 INFO [long-pulling] client count 0

2023-06-15 00:33:38,540 INFO groupCount = 0, subscriberClientCount = 0, subscriberCount = 0

2023-06-15 00:33:38,540 INFO toNotifyTaskSize = 0

2023-06-15 00:33:38,540 INFO toClientNotifyTaskSize = 0

2023-06-15 00:38:02,196 INFO [long-pulling] client count 0

2023-06-15 00:38:12,225 INFO [long-pulling] client count 0

2023-06-15 00:38:12,353 INFO toNotifyTaskSize = 0

2023-06-15 00:38:12,353 INFO toClientNotifyTaskSize = 0

2023-06-15 00:38:12,356 INFO groupCount = 0, subscriberClientCount = 0, subscriberCount = 0

2023-06-15 00:38:22,226 INFO [long-pulling] client count 0

2023-06-15 00:38:22,354 INFO toNotifyTaskSize = 0

2023-06-15 00:38:22,354 INFO toClientNotifyTaskSize = 0

2023-06-15 00:38:22,357 INFO groupCount = 0, subscriberClientCount = 0, subscriberCount = 0

2023-06-15 00:39:16,411 INFO [long-pulling] client count 0

2023-06-15 00:39:26,442 INFO [long-pulling] client count 0

2023-06-15 00:39:26,607 INFO groupCount = 0, subscriberClientCount = 0, subscriberCount = 0

2023-06-15 00:39:26,620 INFO toNotifyTaskSize = 0

2023-06-15 00:39:26,620 INFO toClientNotifyTaskSize = 0

2023-06-15 00:39:36,443 INFO [long-pulling] client count 0

2023-06-15 00:39:36,608 INFO groupCount = 0, subscriberClientCount = 0, subscriberCount = 0

2023-06-15 00:39:36,621 INFO toNotifyTaskSize = 0

2023-06-15 00:39:36,621 INFO toClientNotifyTaskSize = 0

2023-06-15 00:39:46,444 INFO [long-pulling] client count 0

2023-06-15 00:39:46,609 INFO groupCount = 0, subscriberClientCount = 0, subscriberCount = 0

2023-06-15 00:39:46,623 INFO toNotifyTaskSize = 0

2023-06-15 00:39:46,623 INFO toClientNotifyTaskSize = 0

2023-06-15 00:39:56,446 INFO [long-pulling] client count 0

2023-06-15 00:39:56,609 INFO groupCount = 0, subscriberClientCount = 0, subscriberCount = 0

2023-06-15 00:39:56,623 INFO toNotifyTaskSize = 0

2023-06-15 00:39:56,624 INFO toClientNotifyTaskSize = 0

2023-06-15 00:40:06,447 INFO [long-pulling] client count 0

2023-06-15 00:40:06,611 INFO groupCount = 0, subscriberClientCount = 0, subscriberCount = 0

2023-06-15 00:40:06,624 INFO toNotifyTaskSize = 0

2023-06-15 00:40:06,625 INFO toClientNotifyTaskSize = 0

2023-06-15 00:40:16,448 INFO [long-pulling] client count 0

2023-06-15 00:40:16,612 INFO groupCount = 0, subscriberClientCount = 0, subscriberCount = 0

2023-06-15 00:40:16,625 INFO toNotifyTaskSize = 0

2023-06-15 00:40:16,625 INFO toClientNotifyTaskSize = 0

2023-06-15 00:40:26,449 INFO [long-pulling] client count 0

2023-06-15 00:40:26,612 INFO groupCount = 0, subscriberClientCount = 0, subscriberCount = 0

2023-06-15 00:40:26,626 INFO toNotifyTaskSize = 0

2023-06-15 00:40:26,626 INFO toClientNotifyTaskSize = 0

2023-06-15 00:40:36,450 INFO [long-pulling] client count 0

2023-06-15 00:40:36,613 INFO groupCount = 0, subscriberClientCount = 0, subscriberCount = 0

2023-06-15 00:40:36,627 INFO toNotifyTaskSize = 0

2023-06-15 00:40:36,627 INFO toClientNotifyTaskSize = 0

2023-06-15 00:40:46,451 INFO [long-pulling] client count 0

2023-06-15 00:40:46,613 INFO groupCount = 0, subscriberClientCount = 0, subscriberCount = 0

2023-06-15 00:40:46,628 INFO toNotifyTaskSize = 0

2023-06-15 00:40:46,628 INFO toClientNotifyTaskSize = 0

2023-06-15 00:40:56,452 INFO [long-pulling] client count 0

2023-06-15 00:40:56,615 INFO groupCount = 0, subscriberClientCount = 0, subscriberCount = 0

2023-06-15 00:40:56,629 INFO toNotifyTaskSize = 0

2023-06-15 00:40:56,629 INFO toClientNotifyTaskSize = 0

2023-06-15 00:41:06,453 INFO [long-pulling] client count 0

2023-06-15 00:41:06,615 INFO groupCount = 0, subscriberClientCount = 0, subscriberCount = 0

2023-06-15 00:41:06,630 INFO toNotifyTaskSize = 0

2023-06-15 00:41:06,630 INFO toClientNotifyTaskSize = 0

2023-06-15 00:41:16,454 INFO [long-pulling] client count 0

2023-06-15 00:41:16,616 INFO groupCount = 0, subscriberClientCount = 0, subscriberCount = 0

2023-06-15 00:41:16,631 INFO toNotifyTaskSize = 0

2023-06-15 00:41:16,631 INFO toClientNotifyTaskSize = 0

2023-06-15 00:41:26,454 INFO [long-pulling] client count 0

2023-06-15 00:41:26,617 INFO groupCount = 0, subscriberClientCount = 0, subscriberCount = 0

2023-06-15 00:41:26,632 INFO toNotifyTaskSize = 0

2023-06-15 00:41:26,632 INFO toClientNotifyTaskSize = 0

2023-06-15 00:41:36,455 INFO [long-pulling] client count 0

2023-06-15 00:41:36,618 INFO groupCount = 0, subscriberClientCount = 0, subscriberCount = 0

2023-06-15 00:41:36,633 INFO toNotifyTaskSize = 0

2023-06-15 00:41:36,633 INFO toClientNotifyTaskSize = 0

2023-06-15 00:41:46,456 INFO [long-pulling] client count 0

2023-06-15 00:41:46,620 INFO groupCount = 0, subscriberClientCount = 0, subscriberCount = 0

2023-06-15 00:41:46,634 INFO toNotifyTaskSize = 0

2023-06-15 00:41:46,634 INFO toClientNotifyTaskSize = 0

2023-06-15 00:42:00,416 INFO [long-pulling] client count 0

2023-06-15 00:42:10,442 INFO [long-pulling] client count 0

2023-06-15 00:42:10,588 INFO toNotifyTaskSize = 0

2023-06-15 00:42:10,589 INFO toClientNotifyTaskSize = 0

2023-06-15 00:42:10,590 INFO groupCount = 0, subscriberClientCount = 0, subscriberCount = 0

2023-06-15 00:42:20,443 INFO [long-pulling] client count 0

2023-06-15 00:42:20,590 INFO toNotifyTaskSize = 0

2023-06-15 00:42:20,590 INFO toClientNotifyTaskSize = 0

2023-06-15 00:42:20,590 INFO groupCount = 0, subscriberClientCount = 0, subscriberCount = 0

2023-06-15 00:42:30,444 INFO [long-pulling] client count 0

2023-06-15 00:42:30,592 INFO toNotifyTaskSize = 0

2023-06-15 00:42:30,592 INFO toClientNotifyTaskSize = 0

2023-06-15 00:42:30,592 INFO groupCount = 0, subscriberClientCount = 0, subscriberCount = 0

2023-06-15 00:42:40,445 INFO [long-pulling] client count 0

2023-06-15 00:42:40,592 INFO toNotifyTaskSize = 0

2023-06-15 00:42:40,593 INFO toClientNotifyTaskSize = 0

2023-06-15 00:42:40,593 INFO groupCount = 0, subscriberClientCount = 0, subscriberCount = 0

2023-06-15 00:42:50,447 INFO [long-pulling] client count 0

2023-06-15 00:42:50,594 INFO toNotifyTaskSize = 0

2023-06-15 00:42:50,594 INFO toClientNotifyTaskSize = 0

2023-06-15 00:42:50,594 INFO groupCount = 0, subscriberClientCount = 0, subscriberCount = 0

2023-06-15 00:43:00,447 INFO [long-pulling] client count 0

2023-06-15 00:43:00,594 INFO toNotifyTaskSize = 0

2023-06-15 00:43:00,594 INFO groupCount = 0, subscriberClientCount = 0, subscriberCount = 0

2023-06-15 00:43:00,595 INFO toClientNotifyTaskSize = 0

2023-06-15 00:43:10,449 INFO [long-pulling] client count 0

2023-06-15 00:43:10,595 INFO groupCount = 0, subscriberClientCount = 0, subscriberCount = 0

2023-06-15 00:43:10,595 INFO toNotifyTaskSize = 0

2023-06-15 00:43:10,595 INFO toClientNotifyTaskSize = 0

2023-06-15 00:43:20,450 INFO [long-pulling] client count 0

2023-06-15 00:43:20,596 INFO groupCount = 0, subscriberClientCount = 0, subscriberCount = 0

2023-06-15 00:43:20,596 INFO toNotifyTaskSize = 0

2023-06-15 00:43:20,597 INFO toClientNotifyTaskSize = 0

2023-06-15 00:43:30,451 INFO [long-pulling] client count 0

2023-06-15 00:43:30,597 INFO groupCount = 0, subscriberClientCount = 0, subscriberCount = 0

2023-06-15 00:43:30,597 INFO toNotifyTaskSize = 0

2023-06-15 00:43:30,597 INFO toClientNotifyTaskSize = 0

2023-06-15 00:43:40,452 INFO [long-pulling] client count 0

2023-06-15 00:43:40,598 INFO groupCount = 0, subscriberClientCount = 0, subscriberCount = 0

2023-06-15 00:43:40,598 INFO toNotifyTaskSize = 0

2023-06-15 00:43:40,598 INFO toClientNotifyTaskSize = 0

2023-06-15 00:43:50,453 INFO [long-pulling] client count 0

2023-06-15 00:43:50,599 INFO groupCount = 0, subscriberClientCount = 0, subscriberCount = 0

2023-06-15 00:43:50,599 INFO toNotifyTaskSize = 0

2023-06-15 00:43:50,599 INFO toClientNotifyTaskSize = 0

2023-06-15 00:44:00,454 INFO [long-pulling] client count 0

2023-06-15 00:44:00,600 INFO groupCount = 0, subscriberClientCount = 0, subscriberCount = 0

2023-06-15 00:44:00,600 INFO toNotifyTaskSize = 0

2023-06-15 00:44:00,600 INFO toClientNotifyTaskSize = 0

2023-06-15 00:44:10,455 INFO [long-pulling] client count 0

2023-06-15 00:44:10,601 INFO groupCount = 0, subscriberClientCount = 0, subscriberCount = 0

2023-06-15 00:44:10,601 INFO toNotifyTaskSize = 0

2023-06-15 00:44:10,601 INFO toClientNotifyTaskSize = 0

2023-06-15 00:44:20,456 INFO [long-pulling] client count 0

2023-06-15 00:44:20,601 INFO groupCount = 0, subscriberClientCount = 0, subscriberCount = 0

2023-06-15 00:44:20,602 INFO toNotifyTaskSize = 0

2023-06-15 00:44:20,602 INFO toClientNotifyTaskSize = 0

2023-06-15 00:44:30,457 INFO [long-pulling] client count 0

2023-06-15 00:44:30,602 INFO groupCount = 0, subscriberClientCount = 0, subscriberCount = 0

2023-06-15 00:44:30,603 INFO toNotifyTaskSize = 0

2023-06-15 00:44:30,603 INFO toClientNotifyTaskSize = 0

2023-06-15 00:44:40,458 INFO [long-pulling] client count 0

2023-06-15 00:44:40,604 INFO groupCount = 0, subscriberClientCount = 0, subscriberCount = 0

2023-06-15 00:44:40,604 INFO toNotifyTaskSize = 0

2023-06-15 00:44:40,604 INFO toClientNotifyTaskSize = 0

2023-06-15 00:44:50,459 INFO [long-pulling] client count 0

2023-06-15 00:44:50,605 INFO groupCount = 0, subscriberClientCount = 0, subscriberCount = 0

2023-06-15 00:44:50,605 INFO toNotifyTaskSize = 0

2023-06-15 00:44:50,605 INFO toClientNotifyTaskSize = 0

2023-06-15 00:45:00,460 INFO [long-pulling] client count 0

2023-06-15 00:45:00,606 INFO groupCount = 0, subscriberClientCount = 0, subscriberCount = 0

2023-06-15 00:45:00,606 INFO toNotifyTaskSize = 0

2023-06-15 00:45:00,606 INFO toClientNotifyTaskSize = 0

2023-06-15 00:45:10,461 INFO [long-pulling] client count 0

2023-06-15 00:45:10,607 INFO groupCount = 0, subscriberClientCount = 0, subscriberCount = 0

2023-06-15 00:45:10,607 INFO toNotifyTaskSize = 0

2023-06-15 00:45:10,607 INFO toClientNotifyTaskSize = 0

2023-06-15 00:45:20,462 INFO [long-pulling] client count 0

2023-06-15 00:45:20,608 INFO groupCount = 0, subscriberClientCount = 0, subscriberCount = 0

2023-06-15 00:45:20,608 INFO toNotifyTaskSize = 0

2023-06-15 00:45:20,609 INFO toClientNotifyTaskSize = 0

2023-06-15 00:45:30,463 INFO [long-pulling] client count 0

2023-06-15 00:45:30,609 INFO groupCount = 0, subscriberClientCount = 0, subscriberCount = 0

2023-06-15 00:45:30,609 INFO toNotifyTaskSize = 0

2023-06-15 00:45:30,609 INFO toClientNotifyTaskSize = 0

2023-06-15 00:45:40,464 INFO [long-pulling] client count 0

2023-06-15 00:45:40,610 INFO groupCount = 0, subscriberClientCount = 0, subscriberCount = 0

2023-06-15 00:45:40,610 INFO toNotifyTaskSize = 0

2023-06-15 00:45:40,610 INFO toClientNotifyTaskSize = 0

2023-06-15 00:45:50,465 INFO [long-pulling] client count 0

2023-06-15 00:45:50,611 INFO groupCount = 0, subscriberClientCount = 0, subscriberCount = 0

2023-06-15 00:45:50,611 INFO toNotifyTaskSize = 0

2023-06-15 00:45:50,611 INFO toClientNotifyTaskSize = 0

2023-06-15 00:46:00,466 INFO [long-pulling] client count 0

2023-06-15 00:46:00,612 INFO groupCount = 0, subscriberClientCount = 0, subscriberCount = 0

2023-06-15 00:46:00,612 INFO toNotifyTaskSize = 0

2023-06-15 00:46:00,613 INFO toClientNotifyTaskSize = 0

2023-06-15 00:46:10,466 INFO [long-pulling] client count 0

2023-06-15 00:46:10,613 INFO groupCount = 0, subscriberClientCount = 0, subscriberCount = 0

2023-06-15 00:46:10,613 INFO toNotifyTaskSize = 0

2023-06-15 00:46:10,613 INFO toClientNotifyTaskSize = 0

2023-06-15 00:46:20,467 INFO [long-pulling] client count 0

2023-06-15 00:46:20,614 INFO groupCount = 0, subscriberClientCount = 0, subscriberCount = 0

2023-06-15 00:46:20,614 INFO toNotifyTaskSize = 0

2023-06-15 00:46:20,614 INFO toClientNotifyTaskSize = 0

2023-06-15 00:46:30,468 INFO [long-pulling] client count 0

2023-06-15 00:46:30,615 INFO groupCount = 0, subscriberClientCount = 0, subscriberCount = 0

2023-06-15 00:46:30,615 INFO toNotifyTaskSize = 0

2023-06-15 00:46:30,615 INFO toClientNotifyTaskSize = 0

2023-06-15 00:46:40,468 INFO [long-pulling] client count 0

2023-06-15 00:46:40,616 INFO groupCount = 0, subscriberClientCount = 0, subscriberCount = 0

2023-06-15 00:46:40,616 INFO toNotifyTaskSize = 0

2023-06-15 00:46:40,616 INFO toClientNotifyTaskSize = 0

2023-06-15 00:46:50,470 INFO [long-pulling] client count 0

2023-06-15 00:46:50,617 INFO groupCount = 0, subscriberClientCount = 0, subscriberCount = 0

2023-06-15 00:46:50,617 INFO toNotifyTaskSize = 0

2023-06-15 00:46:50,617 INFO toClientNotifyTaskSize = 0

2023-06-15 00:47:00,470 INFO [long-pulling] client count 0

2023-06-15 00:47:00,618 INFO groupCount = 0, subscriberClientCount = 0, subscriberCount = 0

2023-06-15 00:47:00,618 INFO toNotifyTaskSize = 0

2023-06-15 00:47:00,618 INFO toClientNotifyTaskSize = 0

2023-06-15 00:47:10,471 INFO [long-pulling] client count 0

2023-06-15 00:47:10,619 INFO groupCount = 0, subscriberClientCount = 0, subscriberCount = 0

2023-06-15 00:47:10,619 INFO toNotifyTaskSize = 0

2023-06-15 00:47:10,620 INFO toClientNotifyTaskSize = 0

2023-06-15 00:47:20,472 INFO [long-pulling] client count 0

2023-06-15 00:47:20,621 INFO groupCount = 0, subscriberClientCount = 0, subscriberCount = 0

2023-06-15 00:47:20,621 INFO toNotifyTaskSize = 0

2023-06-15 00:47:20,621 INFO toClientNotifyTaskSize = 0

2023-06-15 00:47:30,473 INFO [long-pulling] client count 0

2023-06-15 00:47:30,621 INFO groupCount = 0, subscriberClientCount = 0, subscriberCount = 0

2023-06-15 00:47:30,622 INFO toNotifyTaskSize = 0

2023-06-15 00:47:30,622 INFO toClientNotifyTaskSize = 0

2023-06-15 00:47:40,474 INFO [long-pulling] client count 0

2023-06-15 00:47:40,623 INFO groupCount = 0, subscriberClientCount = 0, subscriberCount = 0

2023-06-15 00:47:40,623 INFO toNotifyTaskSize = 0

2023-06-15 00:47:40,623 INFO toClientNotifyTaskSize = 0

2023-06-15 00:47:50,475 INFO [long-pulling] client count 0

2023-06-15 00:47:50,624 INFO groupCount = 0, subscriberClientCount = 0, subscriberCount = 0

2023-06-15 00:47:50,624 INFO toNotifyTaskSize = 0

2023-06-15 00:47:50,624 INFO toClientNotifyTaskSize = 0

2023-06-15 00:48:00,476 INFO [long-pulling] client count 0

2023-06-15 00:48:00,625 INFO groupCount = 0, subscriberClientCount = 0, subscriberCount = 0

2023-06-15 00:48:00,625 INFO toNotifyTaskSize = 0

2023-06-15 00:48:00,625 INFO toClientNotifyTaskSize = 0

2023-06-15 00:48:10,477 INFO [long-pulling] client count 0

2023-06-15 00:48:10,625 INFO groupCount = 0, subscriberClientCount = 0, subscriberCount = 0

2023-06-15 00:48:10,626 INFO toNotifyTaskSize = 0

2023-06-15 00:48:10,626 INFO toClientNotifyTaskSize = 0

2023-06-15 00:48:20,478 INFO [long-pulling] client count 0

2023-06-15 00:48:20,626 INFO groupCount = 0, subscriberClientCount = 0, subscriberCount = 0

2023-06-15 00:48:20,626 INFO toNotifyTaskSize = 0

2023-06-15 00:48:20,626 INFO toClientNotifyTaskSize = 0

2023-06-15 00:49:01,739 INFO [long-pulling] client count 0

2023-06-15 00:49:11,760 INFO [long-pulling] client count 0

2023-06-15 00:49:11,910 INFO groupCount = 0, subscriberClientCount = 0, subscriberCount = 0

2023-06-15 00:49:11,918 INFO toNotifyTaskSize = 0

2023-06-15 00:49:11,919 INFO toClientNotifyTaskSize = 0

2023-06-15 00:49:21,761 INFO [long-pulling] client count 0

2023-06-15 00:49:21,910 INFO groupCount = 0, subscriberClientCount = 0, subscriberCount = 0

2023-06-15 00:49:21,920 INFO toNotifyTaskSize = 0

2023-06-15 00:49:21,920 INFO toClientNotifyTaskSize = 0

2023-06-15 00:49:49,260 INFO [long-pulling] client count 0

2023-06-15 00:50:00,503 INFO [long-pulling] client count 0

2023-06-15 00:50:00,709 INFO groupCount = 0, subscriberClientCount = 0, subscriberCount = 0

2023-06-15 00:50:00,710 INFO toNotifyTaskSize = 0

2023-06-15 00:50:00,710 INFO toClientNotifyTaskSize = 0

2023-06-15 00:50:10,504 INFO [long-pulling] client count 0

2023-06-15 00:50:10,710 INFO groupCount = 0, subscriberClientCount = 0, subscriberCount = 0

2023-06-15 00:50:10,710 INFO toNotifyTaskSize = 0

2023-06-15 00:50:10,711 INFO toClientNotifyTaskSize = 0

2023-06-15 00:50:20,505 INFO [long-pulling] client count 0

2023-06-15 00:50:20,712 INFO groupCount = 0, subscriberClientCount = 0, subscriberCount = 0

2023-06-15 00:50:20,712 INFO toNotifyTaskSize = 0

2023-06-15 00:50:20,712 INFO toClientNotifyTaskSize = 0

2023-06-15 00:51:24,072 INFO [long-pulling] client count 0

2023-06-15 00:51:34,088 INFO [long-pulling] client count 0

2023-06-15 00:51:34,316 INFO groupCount = 0, subscriberClientCount = 0, subscriberCount = 0

2023-06-15 00:51:34,323 INFO toNotifyTaskSize = 0

2023-06-15 00:51:34,323 INFO toClientNotifyTaskSize = 0

2023-06-15 00:51:44,089 INFO [long-pulling] client count 0

2023-06-15 00:51:44,317 INFO groupCount = 0, subscriberClientCount = 0, subscriberCount = 0

2023-06-15 00:51:44,324 INFO toNotifyTaskSize = 0

2023-06-15 00:51:44,324 INFO toClientNotifyTaskSize = 0

2023-06-15 00:51:54,090 INFO [long-pulling] client count 0

2023-06-15 00:51:54,318 INFO groupCount = 0, subscriberClientCount = 0, subscriberCount = 0

2023-06-15 00:51:54,324 INFO toNotifyTaskSize = 0

2023-06-15 00:51:54,324 INFO toClientNotifyTaskSize = 0

2023-06-15 00:52:04,091 INFO [long-pulling] client count 0

2023-06-15 00:52:04,319 INFO groupCount = 0, subscriberClientCount = 0, subscriberCount = 0

2023-06-15 00:52:04,325 INFO toNotifyTaskSize = 0

2023-06-15 00:52:04,325 INFO toClientNotifyTaskSize = 0

2023-06-15 00:52:14,092 INFO [long-pulling] client count 0

2023-06-15 00:52:14,320 INFO groupCount = 0, subscriberClientCount = 0, subscriberCount = 0

2023-06-15 00:52:14,327 INFO toNotifyTaskSize = 0

2023-06-15 00:52:14,327 INFO toClientNotifyTaskSize = 0

2023-06-15 00:52:24,093 INFO [long-pulling] client count 0

2023-06-15 00:52:24,321 INFO groupCount = 0, subscriberClientCount = 0, subscriberCount = 0

2023-06-15 00:52:24,328 INFO toNotifyTaskSize = 0

2023-06-15 00:52:24,328 INFO toClientNotifyTaskSize = 0

2023-06-15 00:56:38,044 INFO [long-pulling] client count 0

2023-06-15 00:56:48,065 INFO [long-pulling] client count 0

2023-06-15 00:56:48,204 INFO groupCount = 0, subscriberClientCount = 0, subscriberCount = 0

2023-06-15 00:56:48,215 INFO toNotifyTaskSize = 0

2023-06-15 00:56:48,215 INFO toClientNotifyTaskSize = 0

2023-06-15 00:56:58,066 INFO [long-pulling] client count 0

2023-06-15 00:56:58,205 INFO groupCount = 0, subscriberClientCount = 0, subscriberCount = 0

2023-06-15 00:56:58,216 INFO toNotifyTaskSize = 0

2023-06-15 00:56:58,216 INFO toClientNotifyTaskSize = 0

2023-06-15 00:57:08,067 INFO [long-pulling] client count 0

2023-06-15 00:57:08,206 INFO groupCount = 0, subscriberClientCount = 0, subscriberCount = 0

2023-06-15 00:57:08,217 INFO toNotifyTaskSize = 0

2023-06-15 00:57:08,217 INFO toClientNotifyTaskSize = 0

2023-06-15 00:57:18,069 INFO [long-pulling] client count 0

2023-06-15 00:57:18,208 INFO groupCount = 0, subscriberClientCount = 0, subscriberCount = 0

2023-06-15 00:57:18,218 INFO toNotifyTaskSize = 0

2023-06-15 00:57:18,219 INFO toClientNotifyTaskSize = 0

2023-06-15 00:57:28,070 INFO [long-pulling] client count 0

2023-06-15 00:57:28,209 INFO groupCount = 0, subscriberClientCount = 0, subscriberCount = 0

2023-06-15 00:57:28,220 INFO toNotifyTaskSize = 0

2023-06-15 00:57:28,220 INFO toClientNotifyTaskSize = 0

2023-06-15 00:57:38,070 INFO [long-pulling] client count 0

2023-06-15 00:57:38,210 INFO groupCount = 0, subscriberClientCount = 0, subscriberCount = 0

2023-06-15 00:57:38,221 INFO toNotifyTaskSize = 0

2023-06-15 00:57:38,221 INFO toClientNotifyTaskSize = 0

2023-06-15 00:57:48,072 INFO [long-pulling] client count 0

2023-06-15 00:57:48,210 INFO groupCount = 0, subscriberClientCount = 0, subscriberCount = 0

2023-06-15 00:57:48,222 INFO toNotifyTaskSize = 0

2023-06-15 00:57:48,222 INFO toClientNotifyTaskSize = 0

2023-06-15 00:57:58,073 INFO [long-pulling] client count 0

2023-06-15 00:57:58,211 INFO groupCount = 0, subscriberClientCount = 0, subscriberCount = 0

2023-06-15 00:57:58,223 INFO toNotifyTaskSize = 0

2023-06-15 00:57:58,223 INFO toClientNotifyTaskSize = 0

2023-06-15 00:58:08,073 INFO [long-pulling] client count 0

2023-06-15 00:58:08,213 INFO groupCount = 0, subscriberClientCount = 0, subscriberCount = 0

2023-06-15 00:58:08,225 INFO toNotifyTaskSize = 0

2023-06-15 00:58:08,225 INFO toClientNotifyTaskSize = 0

2023-06-15 00:58:18,074 INFO [long-pulling] client count 0

2023-06-15 00:58:18,213 INFO groupCount = 0, subscriberClientCount = 0, subscriberCount = 0

2023-06-15 00:58:18,225 INFO toNotifyTaskSize = 0

2023-06-15 00:58:18,225 INFO toClientNotifyTaskSize = 0

2023-06-15 00:58:28,075 INFO [long-pulling] client count 0

2023-06-15 00:58:28,214 INFO groupCount = 0, subscriberClientCount = 0, subscriberCount = 0

2023-06-15 00:58:28,226 INFO toNotifyTaskSize = 0

2023-06-15 00:58:28,227 INFO toClientNotifyTaskSize = 0

2023-06-15 00:58:38,076 INFO [long-pulling] client count 0

2023-06-15 00:58:38,216 INFO groupCount = 0, subscriberClientCount = 0, subscriberCount = 0

2023-06-15 00:58:38,227 INFO toNotifyTaskSize = 0

2023-06-15 00:58:38,227 INFO toClientNotifyTaskSize = 0

2023-06-15 00:58:48,076 INFO [long-pulling] client count 0

2023-06-15 00:58:48,217 INFO groupCount = 0, subscriberClientCount = 0, subscriberCount = 0

2023-06-15 00:58:48,228 INFO toNotifyTaskSize = 0

2023-06-15 00:58:48,228 INFO toClientNotifyTaskSize = 0

2023-06-15 00:58:58,078 INFO [long-pulling] client count 0

2023-06-15 00:58:58,218 INFO groupCount = 0, subscriberClientCount = 0, subscriberCount = 0

2023-06-15 00:58:58,229 INFO toNotifyTaskSize = 0

2023-06-15 00:58:58,229 INFO toClientNotifyTaskSize = 0

2023-06-15 00:59:08,078 INFO [long-pulling] client count 0

2023-06-15 00:59:08,219 INFO groupCount = 0, subscriberClientCount = 0, subscriberCount = 0

2023-06-15 00:59:08,230 INFO toNotifyTaskSize = 0

2023-06-15 00:59:08,230 INFO toClientNotifyTaskSize = 0

2023-06-15 00:59:18,080 INFO [long-pulling] client count 0

2023-06-15 00:59:18,220 INFO groupCount = 0, subscriberClientCount = 0, subscriberCount = 0

2023-06-15 00:59:18,231 INFO toNotifyTaskSize = 0

2023-06-15 00:59:18,231 INFO toClientNotifyTaskSize = 0

2023-06-15 00:59:28,081 INFO [long-pulling] client count 0

2023-06-15 00:59:28,221 INFO groupCount = 0, subscriberClientCount = 0, subscriberCount = 0

2023-06-15 00:59:28,232 INFO toNotifyTaskSize = 0

2023-06-15 00:59:28,232 INFO toClientNotifyTaskSize = 0

2023-06-15 00:59:38,082 INFO [long-pulling] client count 0

2023-06-15 00:59:38,221 INFO groupCount = 0, subscriberClientCount = 0, subscriberCount = 0

2023-06-15 00:59:38,233 INFO toNotifyTaskSize = 0

2023-06-15 00:59:38,233 INFO toClientNotifyTaskSize = 0

2023-06-15 00:59:48,083 INFO [long-pulling] client count 0

2023-06-15 00:59:48,222 INFO groupCount = 0, subscriberClientCount = 0, subscriberCount = 0

2023-06-15 00:59:48,234 INFO toNotifyTaskSize = 0

2023-06-15 00:59:48,234 INFO toClientNotifyTaskSize = 0

2023-06-15 00:59:58,084 INFO [long-pulling] client count 0

2023-06-15 00:59:58,223 INFO groupCount = 0, subscriberClientCount = 0, subscriberCount = 0

2023-06-15 00:59:58,236 INFO toNotifyTaskSize = 0

2023-06-15 00:59:58,236 INFO toClientNotifyTaskSize = 0

2023-06-15 01:00:08,084 INFO [long-pulling] client count 0

2023-06-15 01:00:08,225 INFO groupCount = 0, subscriberClientCount = 0, subscriberCount = 0

2023-06-15 01:00:08,236 INFO toNotifyTaskSize = 0

2023-06-15 01:00:08,237 INFO toClientNotifyTaskSize = 0

2023-06-15 01:00:18,085 INFO [long-pulling] client count 0

2023-06-15 01:00:18,225 INFO groupCount = 0, subscriberClientCount = 0, subscriberCount = 0

2023-06-15 01:00:18,237 INFO toNotifyTaskSize = 0

2023-06-15 01:00:18,237 INFO toClientNotifyTaskSize = 0

2023-06-15 01:00:28,086 INFO [long-pulling] client count 0

2023-06-15 01:00:28,226 INFO groupCount = 0, subscriberClientCount = 0, subscriberCount = 0

2023-06-15 01:00:28,238 INFO toNotifyTaskSize = 0

2023-06-15 01:00:28,238 INFO toClientNotifyTaskSize = 0

2023-06-15 01:00:38,087 INFO [long-pulling] client count 0

2023-06-15 01:00:38,227 INFO groupCount = 0, subscriberClientCount = 0, subscriberCount = 0

2023-06-15 01:00:38,240 INFO toNotifyTaskSize = 0

2023-06-15 01:00:38,240 INFO toClientNotifyTaskSize = 0

2023-06-15 01:00:48,088 INFO [long-pulling] client count 0

2023-06-15 01:00:48,228 INFO groupCount = 0, subscriberClientCount = 0, subscriberCount = 0

2023-06-15 01:00:48,241 INFO toNotifyTaskSize = 0

2023-06-15 01:00:48,241 INFO toClientNotifyTaskSize = 0

2023-06-15 01:00:58,089 INFO [long-pulling] client count 0

2023-06-15 01:00:58,229 INFO groupCount = 0, subscriberClientCount = 0, subscriberCount = 0

2023-06-15 01:00:58,242 INFO toNotifyTaskSize = 0

2023-06-15 01:00:58,242 INFO toClientNotifyTaskSize = 0

2023-06-15 01:01:08,089 INFO [long-pulling] client count 0

2023-06-15 01:01:08,230 INFO groupCount = 0, subscriberClientCount = 0, subscriberCount = 0

2023-06-15 01:01:08,243 INFO toNotifyTaskSize = 0

2023-06-15 01:01:08,243 INFO toClientNotifyTaskSize = 0

2023-06-15 01:01:18,090 INFO [long-pulling] client count 0

2023-06-15 01:01:18,230 INFO groupCount = 0, subscriberClientCount = 0, subscriberCount = 0

2023-06-15 01:01:18,244 INFO toNotifyTaskSize = 0

2023-06-15 01:01:18,244 INFO toClientNotifyTaskSize = 0

2023-06-15 01:01:28,091 INFO [long-pulling] client count 0

2023-06-15 01:01:28,231 INFO groupCount = 0, subscriberClientCount = 0, subscriberCount = 0

2023-06-15 01:01:28,245 INFO toNotifyTaskSize = 0

2023-06-15 01:01:28,245 INFO toClientNotifyTaskSize = 0

2023-06-15 01:01:38,091 INFO [long-pulling] client count 0

2023-06-15 01:01:38,232 INFO groupCount = 0, subscriberClientCount = 0, subscriberCount = 0

2023-06-15 01:01:38,246 INFO toNotifyTaskSize = 0

2023-06-15 01:01:38,246 INFO toClientNotifyTaskSize = 0

2023-06-15 01:01:48,092 INFO [long-pulling] client count 0

2023-06-15 01:01:48,233 INFO groupCount = 0, subscriberClientCount = 0, subscriberCount = 0

2023-06-15 01:01:48,247 INFO toNotifyTaskSize = 0

2023-06-15 01:01:48,247 INFO toClientNotifyTaskSize = 0

2023-06-15 01:01:58,093 INFO [long-pulling] client count 0

2023-06-15 01:01:58,234 INFO groupCount = 0, subscriberClientCount = 0, subscriberCount = 0

2023-06-15 01:01:58,248 INFO toNotifyTaskSize = 0

2023-06-15 01:01:58,248 INFO toClientNotifyTaskSize = 0

2023-06-15 01:02:08,093 INFO [long-pulling] client count 0

2023-06-15 01:02:08,235 INFO groupCount = 0, subscriberClientCount = 0, subscriberCount = 0

2023-06-15 01:02:08,248 INFO toNotifyTaskSize = 0

2023-06-15 01:02:08,249 INFO toClientNotifyTaskSize = 0

2023-06-15 01:02:18,094 INFO [long-pulling] client count 0

2023-06-15 01:02:18,236 INFO groupCount = 0, subscriberClientCount = 0, subscriberCount = 0

2023-06-15 01:02:18,249 INFO toNotifyTaskSize = 0

2023-06-15 01:02:18,249 INFO toClientNotifyTaskSize = 0

2023-06-15 01:02:28,095 INFO [long-pulling] client count 0

2023-06-15 01:02:28,236 INFO groupCount = 0, subscriberClientCount = 0, subscriberCount = 0

2023-06-15 01:02:28,250 INFO toNotifyTaskSize = 0

2023-06-15 01:02:28,250 INFO toClientNotifyTaskSize = 0

2023-06-15 01:02:38,095 INFO [long-pulling] client count 0

2023-06-15 01:02:38,237 INFO groupCount = 0, subscriberClientCount = 0, subscriberCount = 0

2023-06-15 01:02:38,251 INFO toNotifyTaskSize = 0

2023-06-15 01:02:38,251 INFO toClientNotifyTaskSize = 0

2023-06-15 01:02:48,096 INFO [long-pulling] client count 0

2023-06-15 01:02:48,238 INFO groupCount = 0, subscriberClientCount = 0, subscriberCount = 0

2023-06-15 01:02:48,252 INFO toNotifyTaskSize = 0

2023-06-15 01:02:48,252 INFO toClientNotifyTaskSize = 0

2023-06-15 01:02:58,097 INFO [long-pulling] client count 0

2023-06-15 01:02:58,239 INFO groupCount = 0, subscriberClientCount = 0, subscriberCount = 0

2023-06-15 01:02:58,253 INFO toNotifyTaskSize = 0

2023-06-15 01:02:58,253 INFO toClientNotifyTaskSize = 0

2023-06-15 01:03:08,098 INFO [long-pulling] client count 0

2023-06-15 01:03:08,240 INFO groupCount = 0, subscriberClientCount = 0, subscriberCount = 0

2023-06-15 01:03:08,254 INFO toNotifyTaskSize = 0

2023-06-15 01:03:08,254 INFO toClientNotifyTaskSize = 0

2023-06-15 01:03:51,841 INFO [long-pulling] client count 0

2023-06-15 01:04:01,851 INFO [long-pulling] client count 0

2023-06-15 01:04:02,068 INFO toNotifyTaskSize = 0

2023-06-15 01:04:02,069 INFO toClientNotifyTaskSize = 0

2023-06-15 01:04:02,069 INFO groupCount = 0, subscriberClientCount = 0, subscriberCount = 0

2023-06-15 01:04:11,852 INFO [long-pulling] client count 0

2023-06-15 01:04:12,070 INFO toNotifyTaskSize = 0

2023-06-15 01:04:12,070 INFO groupCount = 0, subscriberClientCount = 0, subscriberCount = 0

2023-06-15 01:04:12,071 INFO toClientNotifyTaskSize = 0

2023-06-15 01:04:21,854 INFO [long-pulling] client count 0

2023-06-15 01:04:22,071 INFO groupCount = 0, subscriberClientCount = 0, subscriberCount = 0

2023-06-15 01:04:22,071 INFO toNotifyTaskSize = 0

2023-06-15 01:04:22,072 INFO toClientNotifyTaskSize = 0

2023-06-15 01:05:53,808 INFO [long-pulling] client count 0

2023-06-15 01:06:03,833 INFO [long-pulling] client count 0

2023-06-15 01:06:04,174 INFO toNotifyTaskSize = 0

2023-06-15 01:06:04,174 INFO toClientNotifyTaskSize = 0

2023-06-15 01:06:04,177 INFO groupCount = 0, subscriberClientCount = 0, subscriberCount = 0

2023-06-15 01:06:13,835 INFO [long-pulling] client count 0

2023-06-15 01:06:14,175 INFO toNotifyTaskSize = 0

2023-06-15 01:06:14,175 INFO toClientNotifyTaskSize = 0

2023-06-15 01:06:14,178 INFO groupCount = 0, subscriberClientCount = 0, subscriberCount = 0

2023-06-15 01:06:23,433 INFO [long-pulling] client count 0

2023-06-15 01:06:23,774 INFO toNotifyTaskSize = 0

2023-06-15 01:06:23,774 INFO toClientNotifyTaskSize = 0

2023-06-15 01:06:23,776 INFO groupCount = 0, subscriberClientCount = 0, subscriberCount = 0

2023-06-15 01:06:33,434 INFO [long-pulling] client count 0

2023-06-15 01:06:33,775 INFO toNotifyTaskSize = 0

2023-06-15 01:06:33,775 INFO toClientNotifyTaskSize = 0

2023-06-15 01:06:33,777 INFO groupCount = 0, subscriberClientCount = 0, subscriberCount = 0

2023-06-15 01:06:43,434 INFO [long-pulling] client count 0

2023-06-15 01:06:43,776 INFO toNotifyTaskSize = 0

2023-06-15 01:06:43,776 INFO toClientNotifyTaskSize = 0

2023-06-15 01:06:43,777 INFO groupCount = 0, subscriberClientCount = 0, subscriberCount = 0

2023-06-15 01:06:54,037 INFO [long-pulling] client count 0

2023-06-15 01:06:54,379 INFO toNotifyTaskSize = 0

2023-06-15 01:06:54,379 INFO toClientNotifyTaskSize = 0

2023-06-15 01:06:54,380 INFO groupCount = 0, subscriberClientCount = 0, subscriberCount = 0

2023-06-15 01:07:04,038 INFO [long-pulling] client count 0

2023-06-15 01:07:04,380 INFO toNotifyTaskSize = 0

2023-06-15 01:07:04,381 INFO toClientNotifyTaskSize = 0

2023-06-15 01:07:04,381 INFO groupCount = 0, subscriberClientCount = 0, subscriberCount = 0

2023-06-15 01:07:14,039 INFO [long-pulling] client count 0

2023-06-15 01:07:14,381 INFO toNotifyTaskSize = 0

2023-06-15 01:07:14,382 INFO toClientNotifyTaskSize = 0

2023-06-15 01:07:14,381 INFO groupCount = 0, subscriberClientCount = 0, subscriberCount = 0

2023-06-15 01:07:24,040 INFO [long-pulling] client count 0

2023-06-15 01:07:24,383 INFO toNotifyTaskSize = 0

2023-06-15 01:07:24,383 INFO toClientNotifyTaskSize = 0

2023-06-15 01:07:24,383 INFO groupCount = 0, subscriberClientCount = 0, subscriberCount = 0

2023-06-15 01:07:34,040 INFO [long-pulling] client count 0

2023-06-15 01:07:34,384 INFO toNotifyTaskSize = 0

2023-06-15 01:07:34,384 INFO toClientNotifyTaskSize = 0

2023-06-15 01:07:34,384 INFO groupCount = 0, subscriberClientCount = 0, subscriberCount = 0

2023-06-15 01:07:44,042 INFO [long-pulling] client count 0

2023-06-15 01:07:44,384 INFO toNotifyTaskSize = 0

2023-06-15 01:07:44,385 INFO toClientNotifyTaskSize = 0

2023-06-15 01:07:44,385 INFO groupCount = 0, subscriberClientCount = 0, subscriberCount = 0

2023-06-15 01:07:54,043 INFO [long-pulling] client count 0

2023-06-15 01:07:54,386 INFO toNotifyTaskSize = 0

2023-06-15 01:07:54,386 INFO toClientNotifyTaskSize = 0

2023-06-15 01:07:54,386 INFO groupCount = 0, subscriberClientCount = 0, subscriberCount = 0

2023-06-15 01:08:03,253 INFO [long-pulling] client count 0

2023-06-15 01:08:03,596 INFO toNotifyTaskSize = 0

2023-06-15 01:08:03,596 INFO toClientNotifyTaskSize = 0

2023-06-15 01:08:03,596 INFO groupCount = 0, subscriberClientCount = 0, subscriberCount = 0

2023-06-15 01:08:13,254 INFO [long-pulling] client count 0

2023-06-15 01:08:13,597 INFO toNotifyTaskSize = 0

2023-06-15 01:08:13,597 INFO groupCount = 0, subscriberClientCount = 0, subscriberCount = 0

2023-06-15 01:08:13,597 INFO toClientNotifyTaskSize = 0

2023-06-15 01:08:23,255 INFO [long-pulling] client count 0

2023-06-15 01:08:23,598 INFO groupCount = 0, subscriberClientCount = 0, subscriberCount = 0

2023-06-15 01:08:23,598 INFO toNotifyTaskSize = 0

2023-06-15 01:08:23,598 INFO toClientNotifyTaskSize = 0

2023-06-15 01:08:33,256 INFO [long-pulling] client count 0

2023-06-15 01:08:33,599 INFO groupCount = 0, subscriberClientCount = 0, subscriberCount = 0

2023-06-15 01:08:33,599 INFO toNotifyTaskSize = 0

2023-06-15 01:08:33,599 INFO toClientNotifyTaskSize = 0

2023-06-15 01:08:44,568 INFO [long-pulling] client count 0

2023-06-15 01:08:44,910 INFO groupCount = 0, subscriberClientCount = 0, subscriberCount = 0

2023-06-15 01:08:44,910 INFO toNotifyTaskSize = 0

2023-06-15 01:08:44,910 INFO toClientNotifyTaskSize = 0

2023-06-15 01:08:54,569 INFO [long-pulling] client count 0

2023-06-15 01:08:54,911 INFO groupCount = 0, subscriberClientCount = 0, subscriberCount = 0

2023-06-15 01:08:54,912 INFO toNotifyTaskSize = 0

2023-06-15 01:08:54,912 INFO toClientNotifyTaskSize = 0

2023-06-15 01:09:04,570 INFO [long-pulling] client count 0

2023-06-15 01:09:04,913 INFO groupCount = 0, subscriberClientCount = 0, subscriberCount = 0

2023-06-15 01:09:04,913 INFO toNotifyTaskSize = 0

2023-06-15 01:09:04,913 INFO toClientNotifyTaskSize = 0

2023-06-15 01:09:14,571 INFO [long-pulling] client count 0

2023-06-15 01:09:14,914 INFO groupCount = 0, subscriberClientCount = 0, subscriberCount = 0

2023-06-15 01:09:14,914 INFO toNotifyTaskSize = 0

2023-06-15 01:09:14,914 INFO toClientNotifyTaskSize = 0

2023-06-15 01:09:24,572 INFO [long-pulling] client count 0

2023-06-15 01:09:24,914 INFO groupCount = 0, subscriberClientCount = 0, subscriberCount = 0

2023-06-15 01:09:24,914 INFO toNotifyTaskSize = 0

2023-06-15 01:09:24,915 INFO toClientNotifyTaskSize = 0

2023-06-15 01:09:34,572 INFO [long-pulling] client count 0

2023-06-15 01:09:34,916 INFO toNotifyTaskSize = 0

2023-06-15 01:09:34,916 INFO toClientNotifyTaskSize = 0

2023-06-15 01:09:34,916 INFO groupCount = 0, subscriberClientCount = 0, subscriberCount = 0

2023-06-15 01:09:44,572 INFO [long-pulling] client count 0

