2023-06-15 00:18:49,731 INFO PERFORMANCE:|serviceCount|ipCount|subscribeCount|maxPushCost|avgPushCost|totalPushCount|failPushCount

2023-06-15 00:18:49,732 INFO DISTRO:|V1SyncDone|V1SyncFail|V2SyncDone|V2SyncFail|V2VerifyFail|

2023-06-15 00:18:49,732 INFO PERFORMANCE:|0|0|0|-1|-1|0|0

2023-06-15 00:18:49,736 INFO Task worker status: 
naming_0%4, pending tasks: 0
naming_1%4, pending tasks: 0
naming_2%4, pending tasks: 0
naming_3%4, pending tasks: 0


2023-06-15 00:18:49,737 INFO DISTRO:|0|0|0|

2023-06-15 00:31:09,425 INFO PERFORMANCE:|serviceCount|ipCount|subscribeCount|maxPushCost|avgPushCost|totalPushCount|failPushCount

2023-06-15 00:31:09,426 INFO DISTRO:|V1SyncDone|V1SyncFail|V2SyncDone|V2SyncFail|V2VerifyFail|

2023-06-15 00:31:09,426 INFO PERFORMANCE:|1|1|1|566|566|1|0

2023-06-15 00:31:09,426 INFO Task worker status: 
naming_0%4, pending tasks: 0
naming_1%4, pending tasks: 0
naming_2%4, pending tasks: 0
naming_3%4, pending tasks: 0


2023-06-15 00:31:09,427 INFO DISTRO:|0|0|0|

2023-06-15 00:32:09,428 INFO PERFORMANCE:|1|1|1|-1|-1|1|0

2023-06-15 00:32:09,429 INFO Task worker status: 
naming_0%4, pending tasks: 0
naming_1%4, pending tasks: 0
naming_2%4, pending tasks: 0
naming_3%4, pending tasks: 0


2023-06-15 00:32:09,429 INFO DISTRO:|0|0|0|

2023-06-15 00:33:09,429 INFO PERFORMANCE:|1|1|1|-1|-1|1|0

2023-06-15 00:33:09,429 INFO Task worker status: 
naming_0%4, pending tasks: 0
naming_1%4, pending tasks: 0
naming_2%4, pending tasks: 0
naming_3%4, pending tasks: 0


2023-06-15 00:33:09,429 INFO DISTRO:|0|0|0|

2023-06-15 00:39:47,729 INFO PERFORMANCE:|serviceCount|ipCount|subscribeCount|maxPushCost|avgPushCost|totalPushCount|failPushCount

2023-06-15 00:39:47,730 INFO DISTRO:|V1SyncDone|V1SyncFail|V2SyncDone|V2SyncFail|V2VerifyFail|

2023-06-15 00:39:47,731 INFO PERFORMANCE:|0|0|0|-1|-1|0|0

2023-06-15 00:39:47,733 INFO Task worker status: 
naming_0%4, pending tasks: 0
naming_1%4, pending tasks: 0
naming_2%4, pending tasks: 0
naming_3%4, pending tasks: 0


2023-06-15 00:39:47,734 INFO DISTRO:|0|0|0|

2023-06-15 00:40:47,734 INFO PERFORMANCE:|0|0|0|-1|-1|0|0

2023-06-15 00:40:47,735 INFO Task worker status: 
naming_0%4, pending tasks: 0
naming_1%4, pending tasks: 0
naming_2%4, pending tasks: 0
naming_3%4, pending tasks: 0


2023-06-15 00:40:47,735 INFO DISTRO:|0|0|0|

2023-06-15 00:41:47,736 INFO PERFORMANCE:|0|0|0|-1|-1|0|0

2023-06-15 00:41:47,736 INFO Task worker status: 
naming_0%4, pending tasks: 0
naming_1%4, pending tasks: 0
naming_2%4, pending tasks: 0
naming_3%4, pending tasks: 0


2023-06-15 00:41:47,737 INFO DISTRO:|0|0|0|

2023-06-15 00:42:31,757 INFO PERFORMANCE:|serviceCount|ipCount|subscribeCount|maxPushCost|avgPushCost|totalPushCount|failPushCount

2023-06-15 00:42:31,758 INFO DISTRO:|V1SyncDone|V1SyncFail|V2SyncDone|V2SyncFail|V2VerifyFail|

2023-06-15 00:42:31,758 INFO PERFORMANCE:|0|0|0|-1|-1|0|0

2023-06-15 00:42:31,761 INFO Task worker status: 
naming_0%4, pending tasks: 0
naming_1%4, pending tasks: 0
naming_2%4, pending tasks: 0
naming_3%4, pending tasks: 0


2023-06-15 00:42:31,762 INFO DISTRO:|0|0|0|

2023-06-15 00:43:31,763 INFO PERFORMANCE:|0|0|0|-1|-1|0|0

2023-06-15 00:43:31,763 INFO Task worker status: 
naming_0%4, pending tasks: 0
naming_1%4, pending tasks: 0
naming_2%4, pending tasks: 0
naming_3%4, pending tasks: 0


2023-06-15 00:43:31,763 INFO DISTRO:|0|0|0|

2023-06-15 00:44:31,764 INFO PERFORMANCE:|0|0|0|-1|-1|0|0

2023-06-15 00:44:31,764 INFO Task worker status: 
naming_0%4, pending tasks: 0
naming_1%4, pending tasks: 0
naming_2%4, pending tasks: 0
naming_3%4, pending tasks: 0


2023-06-15 00:44:31,764 INFO DISTRO:|0|0|0|

2023-06-15 00:45:31,766 INFO PERFORMANCE:|0|0|0|-1|-1|0|0

2023-06-15 00:45:31,766 INFO Task worker status: 
naming_0%4, pending tasks: 0
naming_1%4, pending tasks: 0
naming_2%4, pending tasks: 0
naming_3%4, pending tasks: 0


2023-06-15 00:45:31,766 INFO DISTRO:|0|0|0|

2023-06-15 00:46:31,766 INFO PERFORMANCE:|0|0|0|-1|-1|0|0

2023-06-15 00:46:31,766 INFO Task worker status: 
naming_0%4, pending tasks: 0
naming_1%4, pending tasks: 0
naming_2%4, pending tasks: 0
naming_3%4, pending tasks: 0


2023-06-15 00:46:31,767 INFO DISTRO:|0|0|0|

2023-06-15 00:47:31,767 INFO PERFORMANCE:|1|1|1|563|563|1|0

2023-06-15 00:47:31,767 INFO Task worker status: 
naming_0%4, pending tasks: 0
naming_1%4, pending tasks: 0
naming_2%4, pending tasks: 0
naming_3%4, pending tasks: 0


2023-06-15 00:47:31,767 INFO DISTRO:|0|0|0|

2023-06-15 00:50:21,724 INFO PERFORMANCE:|serviceCount|ipCount|subscribeCount|maxPushCost|avgPushCost|totalPushCount|failPushCount

2023-06-15 00:50:21,724 INFO DISTRO:|V1SyncDone|V1SyncFail|V2SyncDone|V2SyncFail|V2VerifyFail|

2023-06-15 00:50:21,724 INFO PERFORMANCE:|0|0|0|-1|-1|0|0

2023-06-15 00:50:21,728 INFO Task worker status: 
naming_0%4, pending tasks: 0
naming_1%4, pending tasks: 0
naming_2%4, pending tasks: 0
naming_3%4, pending tasks: 0


2023-06-15 00:50:21,729 INFO DISTRO:|0|0|0|

2023-06-15 00:51:55,466 INFO PERFORMANCE:|serviceCount|ipCount|subscribeCount|maxPushCost|avgPushCost|totalPushCount|failPushCount

2023-06-15 00:51:55,466 INFO DISTRO:|V1SyncDone|V1SyncFail|V2SyncDone|V2SyncFail|V2VerifyFail|

2023-06-15 00:51:55,466 INFO PERFORMANCE:|1|1|1|631|631|1|0

2023-06-15 00:51:55,466 INFO Task worker status: 
naming_0%4, pending tasks: 0
naming_1%4, pending tasks: 0
naming_2%4, pending tasks: 0
naming_3%4, pending tasks: 0


2023-06-15 00:51:55,467 INFO DISTRO:|0|0|0|

2023-06-15 00:57:09,173 INFO PERFORMANCE:|serviceCount|ipCount|subscribeCount|maxPushCost|avgPushCost|totalPushCount|failPushCount

2023-06-15 00:57:09,173 INFO DISTRO:|V1SyncDone|V1SyncFail|V2SyncDone|V2SyncFail|V2VerifyFail|

2023-06-15 00:57:09,174 INFO PERFORMANCE:|1|1|1|561|561|1|0

2023-06-15 00:57:09,174 INFO Task worker status: 
naming_0%4, pending tasks: 0
naming_1%4, pending tasks: 0
naming_2%4, pending tasks: 0
naming_3%4, pending tasks: 0


2023-06-15 00:57:09,174 INFO DISTRO:|0|0|0|

2023-06-15 00:58:09,175 INFO PERFORMANCE:|1|1|1|-1|-1|1|0

2023-06-15 00:58:09,176 INFO Task worker status: 
naming_0%4, pending tasks: 0
naming_1%4, pending tasks: 0
naming_2%4, pending tasks: 0
naming_3%4, pending tasks: 0


2023-06-15 00:58:09,176 INFO DISTRO:|0|0|0|

2023-06-15 00:59:09,176 INFO PERFORMANCE:|1|1|1|-1|-1|1|0

2023-06-15 00:59:09,177 INFO Task worker status: 
naming_0%4, pending tasks: 0
naming_1%4, pending tasks: 0
naming_2%4, pending tasks: 0
naming_3%4, pending tasks: 0


2023-06-15 00:59:09,177 INFO DISTRO:|0|0|0|

2023-06-15 01:00:09,178 INFO PERFORMANCE:|1|1|1|-1|-1|1|0

2023-06-15 01:00:09,178 INFO Task worker status: 
naming_0%4, pending tasks: 0
naming_1%4, pending tasks: 0
naming_2%4, pending tasks: 0
naming_3%4, pending tasks: 0


2023-06-15 01:00:09,178 INFO DISTRO:|0|0|0|

2023-06-15 01:01:09,179 INFO PERFORMANCE:|1|1|1|-1|-1|1|0

2023-06-15 01:01:09,179 INFO Task worker status: 
naming_0%4, pending tasks: 0
naming_1%4, pending tasks: 0
naming_2%4, pending tasks: 0
naming_3%4, pending tasks: 0


2023-06-15 01:01:09,179 INFO DISTRO:|0|0|0|

2023-06-15 01:02:09,180 INFO PERFORMANCE:|1|1|1|-1|-1|1|0

2023-06-15 01:02:09,180 INFO Task worker status: 
naming_0%4, pending tasks: 0
naming_1%4, pending tasks: 0
naming_2%4, pending tasks: 0
naming_3%4, pending tasks: 0


2023-06-15 01:02:09,180 INFO DISTRO:|0|0|0|

2023-06-15 01:03:09,181 INFO PERFORMANCE:|1|1|1|-1|-1|1|0

2023-06-15 01:03:09,181 INFO Task worker status: 
naming_0%4, pending tasks: 0
naming_1%4, pending tasks: 0
naming_2%4, pending tasks: 0
naming_3%4, pending tasks: 0


2023-06-15 01:03:09,181 INFO DISTRO:|0|0|0|

2023-06-15 01:04:23,014 INFO PERFORMANCE:|serviceCount|ipCount|subscribeCount|maxPushCost|avgPushCost|totalPushCount|failPushCount

2023-06-15 01:04:23,014 INFO DISTRO:|V1SyncDone|V1SyncFail|V2SyncDone|V2SyncFail|V2VerifyFail|

2023-06-15 01:04:23,014 INFO PERFORMANCE:|1|1|1|640|640|1|0

2023-06-15 01:04:23,014 INFO Task worker status: 
naming_0%4, pending tasks: 0
naming_1%4, pending tasks: 0
naming_2%4, pending tasks: 0
naming_3%4, pending tasks: 0


2023-06-15 01:04:23,015 INFO DISTRO:|0|0|0|

2023-06-15 01:06:25,326 INFO PERFORMANCE:|serviceCount|ipCount|subscribeCount|maxPushCost|avgPushCost|totalPushCount|failPushCount

2023-06-15 01:06:25,327 INFO DISTRO:|V1SyncDone|V1SyncFail|V2SyncDone|V2SyncFail|V2VerifyFail|

2023-06-15 01:06:25,327 INFO PERFORMANCE:|2|2|3|662|629|3|1

2023-06-15 01:06:25,327 INFO Task worker status: 
naming_0%4, pending tasks: 0
naming_1%4, pending tasks: 0
naming_2%4, pending tasks: 0
naming_3%4, pending tasks: 0


2023-06-15 01:06:25,328 INFO DISTRO:|0|0|0|

2023-06-15 01:07:25,931 INFO PERFORMANCE:|2|2|3|-1|-1|3|1

2023-06-15 01:07:25,931 INFO Task worker status: 
naming_0%4, pending tasks: 0
naming_1%4, pending tasks: 0
naming_2%4, pending tasks: 0
naming_3%4, pending tasks: 0


2023-06-15 01:07:25,931 INFO DISTRO:|0|0|0|

2023-06-15 01:08:25,141 INFO PERFORMANCE:|2|2|3|-1|-1|3|1

2023-06-15 01:08:25,141 INFO Task worker status: 
naming_0%4, pending tasks: 0
naming_1%4, pending tasks: 0
naming_2%4, pending tasks: 0
naming_3%4, pending tasks: 0


2023-06-15 01:08:25,141 INFO DISTRO:|0|0|0|

2023-06-15 01:09:26,452 INFO PERFORMANCE:|2|2|3|-1|-1|3|1

2023-06-15 01:09:26,453 INFO Task worker status: 
naming_0%4, pending tasks: 0
naming_1%4, pending tasks: 0
naming_2%4, pending tasks: 0
naming_3%4, pending tasks: 0


2023-06-15 01:09:26,453 INFO DISTRO:|0|0|0|

