2023-06-15 00:30:45,595 INFO [PUSH] Task merge for Service{namespace='public', group='DEFAULT_GROUP', name='snapshot-oauth2-server', ephemeral=true, revision=1}

2023-06-15 00:30:46,055 INFO [PUSH-SUCC] 31ms, all delay time 566ms, SLA 460ms, Service{namespace='public', group='DEFAULT_GROUP', name='snapshot-oauth2-server', ephemeral=true, revision=1}, originalSize=1, DataSize=1, target=172.21.0.5

2023-06-15 00:47:24,818 INFO [PUSH] Task merge for Service{namespace='public', group='DEFAULT_GROUP', name='snapshot-oauth2-server', ephemeral=true, revision=1}

2023-06-15 00:47:25,296 INFO [PUSH-SUCC] 39ms, all delay time 563ms, SLA 479ms, Service{namespace='public', group='DEFAULT_GROUP', name='snapshot-oauth2-server', ephemeral=true, revision=1}, originalSize=1, DataSize=1, target=172.23.0.5

2023-06-15 00:51:38,076 INFO [PUSH] Task merge for Service{namespace='public', group='DEFAULT_GROUP', name='snapshot-oauth2-server', ephemeral=true, revision=1}

2023-06-15 00:51:38,616 INFO [PUSH-SUCC] 38ms, all delay time 631ms, SLA 541ms, Service{namespace='public', group='DEFAULT_GROUP', name='snapshot-oauth2-server', ephemeral=true, revision=1}, originalSize=1, DataSize=1, target=172.26.0.5

2023-06-15 00:56:43,730 INFO [PUSH] Task merge for Service{namespace='public', group='DEFAULT_GROUP', name='snapshot-oauth2-server', ephemeral=true, revision=2}

2023-06-15 00:56:51,859 INFO [PUSH] Task merge for Service{namespace='public', group='DEFAULT_GROUP', name='snapshot-oauth2-server', ephemeral=true, revision=3}

2023-06-15 00:56:52,341 INFO [PUSH-SUCC] 35ms, all delay time 561ms, SLA 482ms, Service{namespace='public', group='DEFAULT_GROUP', name='snapshot-oauth2-server', ephemeral=true, revision=3}, originalSize=1, DataSize=1, target=172.27.0.5

2023-06-15 01:03:57,571 INFO [PUSH] Task merge for Service{namespace='public', group='DEFAULT_GROUP', name='snapshot-oauth2-server', ephemeral=true, revision=2}

2023-06-15 01:04:05,221 INFO [PUSH] Task merge for Service{namespace='public', group='DEFAULT_GROUP', name='snapshot-oauth2-server', ephemeral=true, revision=3}

2023-06-15 01:04:05,774 INFO [PUSH-SUCC] 37ms, all delay time 640ms, SLA 554ms, Service{namespace='public', group='DEFAULT_GROUP', name='snapshot-oauth2-server', ephemeral=true, revision=3}, originalSize=1, DataSize=1, target=172.28.0.5

2023-06-15 01:06:16,264 INFO [PUSH] Task merge for Service{namespace='public', group='DEFAULT_GROUP', name='snapshot-oauth2-server', ephemeral=true, revision=1}

2023-06-15 01:06:16,673 INFO [PUSH-SUCC] 46ms, all delay time 630ms, SLA 409ms, Service{namespace='public', group='DEFAULT_GROUP', name='snapshot-oauth2-server', ephemeral=true, revision=1}, originalSize=1, DataSize=1, target=172.29.0.5

2023-06-15 01:06:17,298 ERROR [PUSH-FAIL] 5004ms, Service{namespace='public', group='DEFAULT_GROUP', name='snapshot-oauth2-server', ephemeral=true, revision=0}, reason=Timeout After 5000 milliseconds,requestId =1, target=172.29.0.6

2023-06-15 01:06:17,303 ERROR Reason detail: 

java.util.concurrent.TimeoutException: Timeout After 5000 milliseconds,requestId =1
	at com.alibaba.nacos.api.remote.DefaultRequestFuture$TimeoutHandler.run(DefaultRequestFuture.java:194)
	at java.util.concurrent.Executors$RunnableAdapter.call(Executors.java:511)
	at java.util.concurrent.FutureTask.run(FutureTask.java:266)
	at java.util.concurrent.ScheduledThreadPoolExecutor$ScheduledFutureTask.access$201(ScheduledThreadPoolExecutor.java:180)
	at java.util.concurrent.ScheduledThreadPoolExecutor$ScheduledFutureTask.run(ScheduledThreadPoolExecutor.java:293)
	at java.util.concurrent.ThreadPoolExecutor.runWorker(ThreadPoolExecutor.java:1149)
	at java.util.concurrent.ThreadPoolExecutor$Worker.run(ThreadPoolExecutor.java:624)
	at java.lang.Thread.run(Thread.java:750)
2023-06-15 01:06:21,285 INFO [PUSH-SUCC] 123ms, all delay time 662ms for subscriber 172.29.0.6, Service{namespace='public', group='DEFAULT_GROUP', name='snapshot-oauth2-server', ephemeral=true, revision=1}, originalSize=1, DataSize=1

2023-06-15 01:06:23,359 INFO [PUSH] Task merge for Service{namespace='public', group='DEFAULT_GROUP', name='snapshot-user-api', ephemeral=true, revision=1}

2023-06-15 01:06:23,888 INFO [PUSH-SUCC] 9ms, all delay time 597ms, SLA 529ms, Service{namespace='public', group='DEFAULT_GROUP', name='snapshot-user-api', ephemeral=true, revision=1}, originalSize=1, DataSize=1, target=172.29.0.6

