2023-06-15 00:16:19,658 INFO [ClientConnectionEventListenerRegistry] registry listener - ConnectionBasedClientManager

2023-06-15 00:16:20,834 INFO [ClientConnectionEventListenerRegistry] registry listener - ConfigConnectionEventListener

2023-06-15 00:16:20,883 INFO [ClientConnectionEventListenerRegistry] registry listener - RpcAckCallbackInitorOrCleaner

2023-06-15 00:16:20,940 INFO Nacos GrpcSdkServer Rpc server starting at port 9848 and tls config:{"sslProvider":"","enableTls":false,"mutualAuthEnable":false,"trustAll":false,"compatibility":true}

2023-06-15 00:16:21,134 WARN Recommended use 'nacos.remote.server.grpc.sdk.max-inbound-message-size' property instead 'nacos.remote.server.grpc.maxinbound.message.size', now property value is 10485760

2023-06-15 00:16:21,251 INFO Nacos GrpcSdkServer Rpc server started at port 9848 and tls config:{"sslProvider":"","enableTls":false,"mutualAuthEnable":false,"trustAll":false,"compatibility":true}

2023-06-15 00:16:21,253 INFO Nacos GrpcClusterServer Rpc server starting at port 9849 and tls config:{"sslProvider":"","enableTls":false,"mutualAuthEnable":false,"trustAll":false,"compatibility":true}

2023-06-15 00:16:21,254 WARN Recommended use 'nacos.remote.server.grpc.cluster.max-inbound-message-size' property instead 'nacos.remote.server.grpc.maxinbound.message.size', now property value is 10485760

2023-06-15 00:16:21,257 INFO Nacos GrpcClusterServer Rpc server started at port 9849 and tls config:{"sslProvider":"","enableTls":false,"mutualAuthEnable":false,"trustAll":false,"compatibility":true}

2023-06-15 00:16:30,639 INFO Nacos GrpcSdkServer Rpc server stopping

2023-06-15 00:16:30,640 INFO Nacos GrpcClusterServer Rpc server stopping

2023-06-15 00:16:30,680 INFO Nacos GrpcClusterServer Rpc server stopped successfully...

2023-06-15 00:16:30,684 INFO Nacos GrpcSdkServer Rpc server stopped successfully...

2023-06-15 00:18:18,223 INFO [ClientConnectionEventListenerRegistry] registry listener - ConnectionBasedClientManager

2023-06-15 00:18:19,301 INFO [ClientConnectionEventListenerRegistry] registry listener - ConfigConnectionEventListener

2023-06-15 00:18:19,349 INFO [ClientConnectionEventListenerRegistry] registry listener - RpcAckCallbackInitorOrCleaner

2023-06-15 00:18:19,416 INFO Nacos GrpcSdkServer Rpc server starting at port 9848 and tls config:{"sslProvider":"","enableTls":false,"mutualAuthEnable":false,"trustAll":false,"compatibility":true}

2023-06-15 00:18:19,567 WARN Recommended use 'nacos.remote.server.grpc.sdk.max-inbound-message-size' property instead 'nacos.remote.server.grpc.maxinbound.message.size', now property value is 10485760

2023-06-15 00:18:19,686 INFO Nacos GrpcSdkServer Rpc server started at port 9848 and tls config:{"sslProvider":"","enableTls":false,"mutualAuthEnable":false,"trustAll":false,"compatibility":true}

2023-06-15 00:18:19,688 INFO Nacos GrpcClusterServer Rpc server starting at port 9849 and tls config:{"sslProvider":"","enableTls":false,"mutualAuthEnable":false,"trustAll":false,"compatibility":true}

2023-06-15 00:18:19,688 WARN Recommended use 'nacos.remote.server.grpc.cluster.max-inbound-message-size' property instead 'nacos.remote.server.grpc.maxinbound.message.size', now property value is 10485760

2023-06-15 00:18:19,691 INFO Nacos GrpcClusterServer Rpc server started at port 9849 and tls config:{"sslProvider":"","enableTls":false,"mutualAuthEnable":false,"trustAll":false,"compatibility":true}

2023-06-15 00:18:54,475 INFO Nacos GrpcClusterServer Rpc server stopping

2023-06-15 00:18:54,475 INFO Nacos GrpcSdkServer Rpc server stopping

2023-06-15 00:18:54,490 INFO Nacos GrpcClusterServer Rpc server stopped successfully...

2023-06-15 00:18:54,490 INFO Nacos GrpcSdkServer Rpc server stopped successfully...

2023-06-15 00:30:36,881 INFO [ClientConnectionEventListenerRegistry] registry listener - ConnectionBasedClientManager

2023-06-15 00:30:38,740 INFO [ClientConnectionEventListenerRegistry] registry listener - ConfigConnectionEventListener

2023-06-15 00:30:38,811 INFO [ClientConnectionEventListenerRegistry] registry listener - RpcAckCallbackInitorOrCleaner

2023-06-15 00:30:38,922 INFO Nacos GrpcSdkServer Rpc server starting at port 9848 and tls config:{"sslProvider":"","enableTls":false,"mutualAuthEnable":false,"trustAll":false,"compatibility":true}

2023-06-15 00:30:39,110 WARN Recommended use 'nacos.remote.server.grpc.sdk.max-inbound-message-size' property instead 'nacos.remote.server.grpc.maxinbound.message.size', now property value is 10485760

2023-06-15 00:30:39,331 INFO Nacos GrpcSdkServer Rpc server started at port 9848 and tls config:{"sslProvider":"","enableTls":false,"mutualAuthEnable":false,"trustAll":false,"compatibility":true}

2023-06-15 00:30:39,333 INFO Nacos GrpcClusterServer Rpc server starting at port 9849 and tls config:{"sslProvider":"","enableTls":false,"mutualAuthEnable":false,"trustAll":false,"compatibility":true}

2023-06-15 00:30:39,334 WARN Recommended use 'nacos.remote.server.grpc.cluster.max-inbound-message-size' property instead 'nacos.remote.server.grpc.maxinbound.message.size', now property value is 10485760

2023-06-15 00:30:39,337 INFO Nacos GrpcClusterServer Rpc server started at port 9849 and tls config:{"sslProvider":"","enableTls":false,"mutualAuthEnable":false,"trustAll":false,"compatibility":true}

2023-06-15 00:33:46,911 INFO Nacos GrpcSdkServer Rpc server stopping

2023-06-15 00:33:46,917 INFO Nacos GrpcClusterServer Rpc server stopping

2023-06-15 00:33:46,937 INFO Nacos GrpcClusterServer Rpc server stopped successfully...

2023-06-15 00:33:46,937 INFO Nacos GrpcSdkServer Rpc server stopped successfully...

2023-06-15 00:38:00,246 INFO [ClientConnectionEventListenerRegistry] registry listener - ConnectionBasedClientManager

2023-06-15 00:38:02,656 INFO [ClientConnectionEventListenerRegistry] registry listener - ConfigConnectionEventListener

2023-06-15 00:38:02,817 INFO [ClientConnectionEventListenerRegistry] registry listener - RpcAckCallbackInitorOrCleaner

2023-06-15 00:38:03,075 INFO Nacos GrpcSdkServer Rpc server starting at port 9848 and tls config:{"sslProvider":"","enableTls":false,"mutualAuthEnable":false,"trustAll":false,"compatibility":true}

2023-06-15 00:38:03,803 WARN Recommended use 'nacos.remote.server.grpc.sdk.max-inbound-message-size' property instead 'nacos.remote.server.grpc.maxinbound.message.size', now property value is 10485760

2023-06-15 00:38:04,040 INFO Nacos GrpcSdkServer Rpc server started at port 9848 and tls config:{"sslProvider":"","enableTls":false,"mutualAuthEnable":false,"trustAll":false,"compatibility":true}

2023-06-15 00:38:04,044 INFO Nacos GrpcClusterServer Rpc server starting at port 9849 and tls config:{"sslProvider":"","enableTls":false,"mutualAuthEnable":false,"trustAll":false,"compatibility":true}

2023-06-15 00:38:04,045 WARN Recommended use 'nacos.remote.server.grpc.cluster.max-inbound-message-size' property instead 'nacos.remote.server.grpc.maxinbound.message.size', now property value is 10485760

2023-06-15 00:38:04,050 INFO Nacos GrpcClusterServer Rpc server started at port 9849 and tls config:{"sslProvider":"","enableTls":false,"mutualAuthEnable":false,"trustAll":false,"compatibility":true}

2023-06-15 00:38:31,433 INFO Nacos GrpcSdkServer Rpc server stopping

2023-06-15 00:38:31,434 INFO Nacos GrpcClusterServer Rpc server stopping

2023-06-15 00:38:31,444 INFO Nacos GrpcClusterServer Rpc server stopped successfully...

2023-06-15 00:38:31,444 INFO Nacos GrpcSdkServer Rpc server stopped successfully...

2023-06-15 00:39:15,387 INFO [ClientConnectionEventListenerRegistry] registry listener - ConnectionBasedClientManager

2023-06-15 00:39:16,883 INFO [ClientConnectionEventListenerRegistry] registry listener - ConfigConnectionEventListener

2023-06-15 00:39:16,995 INFO [ClientConnectionEventListenerRegistry] registry listener - RpcAckCallbackInitorOrCleaner

2023-06-15 00:39:17,113 INFO Nacos GrpcSdkServer Rpc server starting at port 9848 and tls config:{"sslProvider":"","enableTls":false,"mutualAuthEnable":false,"trustAll":false,"compatibility":true}

2023-06-15 00:39:17,352 WARN Recommended use 'nacos.remote.server.grpc.sdk.max-inbound-message-size' property instead 'nacos.remote.server.grpc.maxinbound.message.size', now property value is 10485760

2023-06-15 00:39:17,576 INFO Nacos GrpcSdkServer Rpc server started at port 9848 and tls config:{"sslProvider":"","enableTls":false,"mutualAuthEnable":false,"trustAll":false,"compatibility":true}

2023-06-15 00:39:17,579 INFO Nacos GrpcClusterServer Rpc server starting at port 9849 and tls config:{"sslProvider":"","enableTls":false,"mutualAuthEnable":false,"trustAll":false,"compatibility":true}

2023-06-15 00:39:17,579 WARN Recommended use 'nacos.remote.server.grpc.cluster.max-inbound-message-size' property instead 'nacos.remote.server.grpc.maxinbound.message.size', now property value is 10485760

2023-06-15 00:39:17,595 INFO Nacos GrpcClusterServer Rpc server started at port 9849 and tls config:{"sslProvider":"","enableTls":false,"mutualAuthEnable":false,"trustAll":false,"compatibility":true}

2023-06-15 00:41:49,550 INFO Nacos GrpcSdkServer Rpc server stopping

2023-06-15 00:41:49,551 INFO Nacos GrpcClusterServer Rpc server stopping

2023-06-15 00:41:49,579 INFO Nacos GrpcSdkServer Rpc server stopped successfully...

2023-06-15 00:41:49,580 INFO Nacos GrpcClusterServer Rpc server stopped successfully...

2023-06-15 00:41:58,759 INFO [ClientConnectionEventListenerRegistry] registry listener - ConnectionBasedClientManager

2023-06-15 00:42:00,790 INFO [ClientConnectionEventListenerRegistry] registry listener - ConfigConnectionEventListener

2023-06-15 00:42:00,901 INFO [ClientConnectionEventListenerRegistry] registry listener - RpcAckCallbackInitorOrCleaner

2023-06-15 00:42:01,047 INFO Nacos GrpcSdkServer Rpc server starting at port 9848 and tls config:{"sslProvider":"","enableTls":false,"mutualAuthEnable":false,"trustAll":false,"compatibility":true}

2023-06-15 00:42:01,342 WARN Recommended use 'nacos.remote.server.grpc.sdk.max-inbound-message-size' property instead 'nacos.remote.server.grpc.maxinbound.message.size', now property value is 10485760

2023-06-15 00:42:01,600 INFO Nacos GrpcSdkServer Rpc server started at port 9848 and tls config:{"sslProvider":"","enableTls":false,"mutualAuthEnable":false,"trustAll":false,"compatibility":true}

2023-06-15 00:42:01,609 INFO Nacos GrpcClusterServer Rpc server starting at port 9849 and tls config:{"sslProvider":"","enableTls":false,"mutualAuthEnable":false,"trustAll":false,"compatibility":true}

2023-06-15 00:42:01,615 WARN Recommended use 'nacos.remote.server.grpc.cluster.max-inbound-message-size' property instead 'nacos.remote.server.grpc.maxinbound.message.size', now property value is 10485760

2023-06-15 00:42:01,627 INFO Nacos GrpcClusterServer Rpc server started at port 9849 and tls config:{"sslProvider":"","enableTls":false,"mutualAuthEnable":false,"trustAll":false,"compatibility":true}

2023-06-15 00:48:28,424 INFO Nacos GrpcClusterServer Rpc server stopping

2023-06-15 00:48:28,426 INFO Nacos GrpcSdkServer Rpc server stopping

2023-06-15 00:48:28,444 INFO Nacos GrpcClusterServer Rpc server stopped successfully...

2023-06-15 00:48:28,445 INFO Nacos GrpcSdkServer Rpc server stopped successfully...

2023-06-15 00:49:00,346 INFO [ClientConnectionEventListenerRegistry] registry listener - ConnectionBasedClientManager

2023-06-15 00:49:02,216 INFO [ClientConnectionEventListenerRegistry] registry listener - ConfigConnectionEventListener

2023-06-15 00:49:02,400 INFO [ClientConnectionEventListenerRegistry] registry listener - RpcAckCallbackInitorOrCleaner

2023-06-15 00:49:02,556 INFO Nacos GrpcSdkServer Rpc server starting at port 9848 and tls config:{"sslProvider":"","enableTls":false,"mutualAuthEnable":false,"trustAll":false,"compatibility":true}

2023-06-15 00:49:02,856 WARN Recommended use 'nacos.remote.server.grpc.sdk.max-inbound-message-size' property instead 'nacos.remote.server.grpc.maxinbound.message.size', now property value is 10485760

2023-06-15 00:49:02,994 INFO Nacos GrpcSdkServer Rpc server started at port 9848 and tls config:{"sslProvider":"","enableTls":false,"mutualAuthEnable":false,"trustAll":false,"compatibility":true}

2023-06-15 00:49:02,999 INFO Nacos GrpcClusterServer Rpc server starting at port 9849 and tls config:{"sslProvider":"","enableTls":false,"mutualAuthEnable":false,"trustAll":false,"compatibility":true}

2023-06-15 00:49:02,999 WARN Recommended use 'nacos.remote.server.grpc.cluster.max-inbound-message-size' property instead 'nacos.remote.server.grpc.maxinbound.message.size', now property value is 10485760

2023-06-15 00:49:03,011 INFO Nacos GrpcClusterServer Rpc server started at port 9849 and tls config:{"sslProvider":"","enableTls":false,"mutualAuthEnable":false,"trustAll":false,"compatibility":true}

2023-06-15 00:49:27,514 INFO Nacos GrpcSdkServer Rpc server stopping

2023-06-15 00:49:27,516 INFO Nacos GrpcClusterServer Rpc server stopping

2023-06-15 00:49:27,524 INFO Nacos GrpcClusterServer Rpc server stopped successfully...

2023-06-15 00:49:27,524 INFO Nacos GrpcSdkServer Rpc server stopped successfully...

2023-06-15 00:49:47,941 INFO [ClientConnectionEventListenerRegistry] registry listener - ConnectionBasedClientManager

2023-06-15 00:49:49,672 INFO [ClientConnectionEventListenerRegistry] registry listener - ConfigConnectionEventListener

2023-06-15 00:49:49,788 INFO [ClientConnectionEventListenerRegistry] registry listener - RpcAckCallbackInitorOrCleaner

2023-06-15 00:49:49,940 INFO Nacos GrpcSdkServer Rpc server starting at port 9848 and tls config:{"sslProvider":"","enableTls":false,"mutualAuthEnable":false,"trustAll":false,"compatibility":true}

2023-06-15 00:49:50,171 WARN Recommended use 'nacos.remote.server.grpc.sdk.max-inbound-message-size' property instead 'nacos.remote.server.grpc.maxinbound.message.size', now property value is 10485760

2023-06-15 00:49:50,410 INFO Nacos GrpcSdkServer Rpc server started at port 9848 and tls config:{"sslProvider":"","enableTls":false,"mutualAuthEnable":false,"trustAll":false,"compatibility":true}

2023-06-15 00:49:50,412 INFO Nacos GrpcClusterServer Rpc server starting at port 9849 and tls config:{"sslProvider":"","enableTls":false,"mutualAuthEnable":false,"trustAll":false,"compatibility":true}

2023-06-15 00:49:50,413 WARN Recommended use 'nacos.remote.server.grpc.cluster.max-inbound-message-size' property instead 'nacos.remote.server.grpc.maxinbound.message.size', now property value is 10485760

2023-06-15 00:49:50,422 INFO Nacos GrpcClusterServer Rpc server started at port 9849 and tls config:{"sslProvider":"","enableTls":false,"mutualAuthEnable":false,"trustAll":false,"compatibility":true}

2023-06-15 00:50:29,710 INFO Nacos GrpcClusterServer Rpc server stopping

2023-06-15 00:50:29,720 INFO Nacos GrpcSdkServer Rpc server stopping

2023-06-15 00:50:29,728 INFO Nacos GrpcClusterServer Rpc server stopped successfully...

2023-06-15 00:50:29,729 INFO Nacos GrpcSdkServer Rpc server stopped successfully...

2023-06-15 00:51:22,658 INFO [ClientConnectionEventListenerRegistry] registry listener - ConnectionBasedClientManager

2023-06-15 00:51:24,550 INFO [ClientConnectionEventListenerRegistry] registry listener - ConfigConnectionEventListener

2023-06-15 00:51:24,657 INFO [ClientConnectionEventListenerRegistry] registry listener - RpcAckCallbackInitorOrCleaner

2023-06-15 00:51:24,804 INFO Nacos GrpcSdkServer Rpc server starting at port 9848 and tls config:{"sslProvider":"","enableTls":false,"mutualAuthEnable":false,"trustAll":false,"compatibility":true}

2023-06-15 00:51:25,104 WARN Recommended use 'nacos.remote.server.grpc.sdk.max-inbound-message-size' property instead 'nacos.remote.server.grpc.maxinbound.message.size', now property value is 10485760

2023-06-15 00:51:25,327 INFO Nacos GrpcSdkServer Rpc server started at port 9848 and tls config:{"sslProvider":"","enableTls":false,"mutualAuthEnable":false,"trustAll":false,"compatibility":true}

2023-06-15 00:51:25,330 INFO Nacos GrpcClusterServer Rpc server starting at port 9849 and tls config:{"sslProvider":"","enableTls":false,"mutualAuthEnable":false,"trustAll":false,"compatibility":true}

2023-06-15 00:51:25,330 WARN Recommended use 'nacos.remote.server.grpc.cluster.max-inbound-message-size' property instead 'nacos.remote.server.grpc.maxinbound.message.size', now property value is 10485760

2023-06-15 00:51:25,337 INFO Nacos GrpcClusterServer Rpc server started at port 9849 and tls config:{"sslProvider":"","enableTls":false,"mutualAuthEnable":false,"trustAll":false,"compatibility":true}

2023-06-15 00:52:27,228 INFO Nacos GrpcClusterServer Rpc server stopping

2023-06-15 00:52:27,236 INFO Nacos GrpcSdkServer Rpc server stopping

2023-06-15 00:52:27,234 INFO Nacos GrpcClusterServer Rpc server stopped successfully...

2023-06-15 00:52:27,239 INFO Nacos GrpcSdkServer Rpc server stopped successfully...

2023-06-15 00:56:36,968 INFO [ClientConnectionEventListenerRegistry] registry listener - ConnectionBasedClientManager

2023-06-15 00:56:38,454 INFO [ClientConnectionEventListenerRegistry] registry listener - ConfigConnectionEventListener

2023-06-15 00:56:38,608 INFO [ClientConnectionEventListenerRegistry] registry listener - RpcAckCallbackInitorOrCleaner

2023-06-15 00:56:38,685 INFO Nacos GrpcSdkServer Rpc server starting at port 9848 and tls config:{"sslProvider":"","enableTls":false,"mutualAuthEnable":false,"trustAll":false,"compatibility":true}

2023-06-15 00:56:38,938 WARN Recommended use 'nacos.remote.server.grpc.sdk.max-inbound-message-size' property instead 'nacos.remote.server.grpc.maxinbound.message.size', now property value is 10485760

2023-06-15 00:56:39,074 INFO Nacos GrpcSdkServer Rpc server started at port 9848 and tls config:{"sslProvider":"","enableTls":false,"mutualAuthEnable":false,"trustAll":false,"compatibility":true}

2023-06-15 00:56:39,077 INFO Nacos GrpcClusterServer Rpc server starting at port 9849 and tls config:{"sslProvider":"","enableTls":false,"mutualAuthEnable":false,"trustAll":false,"compatibility":true}

2023-06-15 00:56:39,077 WARN Recommended use 'nacos.remote.server.grpc.cluster.max-inbound-message-size' property instead 'nacos.remote.server.grpc.maxinbound.message.size', now property value is 10485760

2023-06-15 00:56:39,086 INFO Nacos GrpcClusterServer Rpc server started at port 9849 and tls config:{"sslProvider":"","enableTls":false,"mutualAuthEnable":false,"trustAll":false,"compatibility":true}

2023-06-15 01:03:17,962 INFO Nacos GrpcClusterServer Rpc server stopping

2023-06-15 01:03:17,964 INFO Nacos GrpcSdkServer Rpc server stopping

2023-06-15 01:03:17,977 INFO Nacos GrpcClusterServer Rpc server stopped successfully...

2023-06-15 01:03:17,977 INFO Nacos GrpcSdkServer Rpc server stopped successfully...

2023-06-15 01:03:50,660 INFO [ClientConnectionEventListenerRegistry] registry listener - ConnectionBasedClientManager

2023-06-15 01:03:52,265 INFO [ClientConnectionEventListenerRegistry] registry listener - ConfigConnectionEventListener

2023-06-15 01:03:52,316 INFO [ClientConnectionEventListenerRegistry] registry listener - RpcAckCallbackInitorOrCleaner

2023-06-15 01:03:52,471 INFO Nacos GrpcSdkServer Rpc server starting at port 9848 and tls config:{"sslProvider":"","enableTls":false,"mutualAuthEnable":false,"trustAll":false,"compatibility":true}

2023-06-15 01:03:52,680 WARN Recommended use 'nacos.remote.server.grpc.sdk.max-inbound-message-size' property instead 'nacos.remote.server.grpc.maxinbound.message.size', now property value is 10485760

2023-06-15 01:03:52,858 INFO Nacos GrpcSdkServer Rpc server started at port 9848 and tls config:{"sslProvider":"","enableTls":false,"mutualAuthEnable":false,"trustAll":false,"compatibility":true}

2023-06-15 01:03:52,863 INFO Nacos GrpcClusterServer Rpc server starting at port 9849 and tls config:{"sslProvider":"","enableTls":false,"mutualAuthEnable":false,"trustAll":false,"compatibility":true}

2023-06-15 01:03:52,863 WARN Recommended use 'nacos.remote.server.grpc.cluster.max-inbound-message-size' property instead 'nacos.remote.server.grpc.maxinbound.message.size', now property value is 10485760

2023-06-15 01:03:52,880 INFO Nacos GrpcClusterServer Rpc server started at port 9849 and tls config:{"sslProvider":"","enableTls":false,"mutualAuthEnable":false,"trustAll":false,"compatibility":true}

2023-06-15 01:04:30,917 INFO Nacos GrpcClusterServer Rpc server stopping

2023-06-15 01:04:30,924 INFO Nacos GrpcSdkServer Rpc server stopping

2023-06-15 01:04:30,950 INFO Nacos GrpcSdkServer Rpc server stopped successfully...

2023-06-15 01:04:30,950 INFO Nacos GrpcClusterServer Rpc server stopped successfully...

2023-06-15 01:05:51,629 INFO [ClientConnectionEventListenerRegistry] registry listener - ConnectionBasedClientManager

2023-06-15 01:05:54,484 INFO [ClientConnectionEventListenerRegistry] registry listener - ConfigConnectionEventListener

2023-06-15 01:05:54,644 INFO [ClientConnectionEventListenerRegistry] registry listener - RpcAckCallbackInitorOrCleaner

2023-06-15 01:05:54,853 INFO Nacos GrpcSdkServer Rpc server starting at port 9848 and tls config:{"sslProvider":"","enableTls":false,"mutualAuthEnable":false,"trustAll":false,"compatibility":true}

2023-06-15 01:05:55,305 WARN Recommended use 'nacos.remote.server.grpc.sdk.max-inbound-message-size' property instead 'nacos.remote.server.grpc.maxinbound.message.size', now property value is 10485760

2023-06-15 01:05:55,531 INFO Nacos GrpcSdkServer Rpc server started at port 9848 and tls config:{"sslProvider":"","enableTls":false,"mutualAuthEnable":false,"trustAll":false,"compatibility":true}

2023-06-15 01:05:55,534 INFO Nacos GrpcClusterServer Rpc server starting at port 9849 and tls config:{"sslProvider":"","enableTls":false,"mutualAuthEnable":false,"trustAll":false,"compatibility":true}

2023-06-15 01:05:55,534 WARN Recommended use 'nacos.remote.server.grpc.cluster.max-inbound-message-size' property instead 'nacos.remote.server.grpc.maxinbound.message.size', now property value is 10485760

2023-06-15 01:05:55,543 INFO Nacos GrpcClusterServer Rpc server started at port 9849 and tls config:{"sslProvider":"","enableTls":false,"mutualAuthEnable":false,"trustAll":false,"compatibility":true}

2023-06-15 01:09:44,442 INFO Nacos GrpcClusterServer Rpc server stopping

2023-06-15 01:09:44,442 INFO Nacos GrpcSdkServer Rpc server stopping

2023-06-15 01:09:44,460 INFO Nacos GrpcSdkServer Rpc server stopped successfully...

2023-06-15 01:09:44,464 INFO Nacos GrpcClusterServer Rpc server stopped successfully...

